/home/mvries/.conda/envs/dcfn/lib/python3.7/site-packages/torch/nn/_reduction.py:44: UserWarning: size_average and reduce args will be deprecated, please use reduction='sum' instead.
  warnings.warn(warning.format(ret))
/home/mvries/.conda/envs/dcfn/lib/python3.7/site-packages/sklearn/utils/linear_assignment_.py:22: FutureWarning: The linear_assignment_ module is deprecated in 0.21 and will be removed from 0.23. Use scipy.optimize.linear_sum_assignment instead.
  FutureWarning)
/home/mvries/.conda/envs/dcfn/lib/python3.7/site-packages/sklearn/utils/linear_assignment_.py:128: FutureWarning: The linear_assignment function is deprecated in 0.21 and will be removed from 0.23. Use scipy.optimize.linear_sum_assignment instead.
  FutureWarning)
/home/mvries/.conda/envs/dcfn/lib/python3.7/site-packages/sklearn/utils/validation.py:760: DataConversionWarning: A column-vector y was passed when a 1d array was expected. Please change the shape of y to (n_samples, ), for example using ravel().
  y = column_or_1d(y, warn=True)
/home/mvries/.conda/envs/dcfn/lib/python3.7/site-packages/sklearn/svm/_base.py:947: ConvergenceWarning: Liblinear failed to converge, increase the number of iterations.
  "the number of iterations.", ConvergenceWarning)
/home/mvries/.conda/envs/dcfn/lib/python3.7/site-packages/sklearn/utils/linear_assignment_.py:128: FutureWarning: The linear_assignment function is deprecated in 0.21 and will be removed from 0.23. Use scipy.optimize.linear_sum_assignment instead.
  FutureWarning)
/home/mvries/.conda/envs/dcfn/lib/python3.7/site-packages/sklearn/utils/validation.py:760: DataConversionWarning: A column-vector y was passed when a 1d array was expected. Please change the shape of y to (n_samples, ), for example using ravel().
  y = column_or_1d(y, warn=True)
/home/mvries/.conda/envs/dcfn/lib/python3.7/site-packages/sklearn/svm/_base.py:947: ConvergenceWarning: Liblinear failed to converge, increase the number of iterations.
  "the number of iterations.", ConvergenceWarning)
/home/mvries/.conda/envs/dcfn/lib/python3.7/site-packages/sklearn/utils/linear_assignment_.py:128: FutureWarning: The linear_assignment function is deprecated in 0.21 and will be removed from 0.23. Use scipy.optimize.linear_sum_assignment instead.
  FutureWarning)
/home/mvries/.conda/envs/dcfn/lib/python3.7/site-packages/sklearn/utils/validation.py:760: DataConversionWarning: A column-vector y was passed when a 1d array was expected. Please change the shape of y to (n_samples, ), for example using ravel().
  y = column_or_1d(y, warn=True)
/home/mvries/.conda/envs/dcfn/lib/python3.7/site-packages/sklearn/svm/_base.py:947: ConvergenceWarning: Liblinear failed to converge, increase the number of iterations.
  "the number of iterations.", ConvergenceWarning)
/home/mvries/.conda/envs/dcfn/lib/python3.7/site-packages/sklearn/utils/linear_assignment_.py:128: FutureWarning: The linear_assignment function is deprecated in 0.21 and will be removed from 0.23. Use scipy.optimize.linear_sum_assignment instead.
  FutureWarning)
/home/mvries/.conda/envs/dcfn/lib/python3.7/site-packages/sklearn/utils/validation.py:760: DataConversionWarning: A column-vector y was passed when a 1d array was expected. Please change the shape of y to (n_samples, ), for example using ravel().
  y = column_or_1d(y, warn=True)
/home/mvries/.conda/envs/dcfn/lib/python3.7/site-packages/sklearn/svm/_base.py:947: ConvergenceWarning: Liblinear failed to converge, increase the number of iterations.
  "the number of iterations.", ConvergenceWarning)
/home/mvries/.conda/envs/dcfn/lib/python3.7/site-packages/sklearn/utils/linear_assignment_.py:128: FutureWarning: The linear_assignment function is deprecated in 0.21 and will be removed from 0.23. Use scipy.optimize.linear_sum_assignment instead.
  FutureWarning)
/home/mvries/.conda/envs/dcfn/lib/python3.7/site-packages/sklearn/utils/validation.py:760: DataConversionWarning: A column-vector y was passed when a 1d array was expected. Please change the shape of y to (n_samples, ), for example using ravel().
  y = column_or_1d(y, warn=True)
/home/mvries/.conda/envs/dcfn/lib/python3.7/site-packages/sklearn/svm/_base.py:947: ConvergenceWarning: Liblinear failed to converge, increase the number of iterations.
  "the number of iterations.", ConvergenceWarning)
/home/mvries/.conda/envs/dcfn/lib/python3.7/site-packages/sklearn/utils/linear_assignment_.py:128: FutureWarning: The linear_assignment function is deprecated in 0.21 and will be removed from 0.23. Use scipy.optimize.linear_sum_assignment instead.
  FutureWarning)
/home/mvries/.conda/envs/dcfn/lib/python3.7/site-packages/sklearn/utils/validation.py:760: DataConversionWarning: A column-vector y was passed when a 1d array was expected. Please change the shape of y to (n_samples, ), for example using ravel().
  y = column_or_1d(y, warn=True)
/home/mvries/.conda/envs/dcfn/lib/python3.7/site-packages/sklearn/svm/_base.py:947: ConvergenceWarning: Liblinear failed to converge, increase the number of iterations.
  "the number of iterations.", ConvergenceWarning)
/home/mvries/.conda/envs/dcfn/lib/python3.7/site-packages/sklearn/utils/linear_assignment_.py:128: FutureWarning: The linear_assignment function is deprecated in 0.21 and will be removed from 0.23. Use scipy.optimize.linear_sum_assignment instead.
  FutureWarning)
/home/mvries/.conda/envs/dcfn/lib/python3.7/site-packages/sklearn/utils/validation.py:760: DataConversionWarning: A column-vector y was passed when a 1d array was expected. Please change the shape of y to (n_samples, ), for example using ravel().
  y = column_or_1d(y, warn=True)
/home/mvries/.conda/envs/dcfn/lib/python3.7/site-packages/sklearn/svm/_base.py:947: ConvergenceWarning: Liblinear failed to converge, increase the number of iterations.
  "the number of iterations.", ConvergenceWarning)
/home/mvries/.conda/envs/dcfn/lib/python3.7/site-packages/sklearn/utils/linear_assignment_.py:128: FutureWarning: The linear_assignment function is deprecated in 0.21 and will be removed from 0.23. Use scipy.optimize.linear_sum_assignment instead.
  FutureWarning)
/home/mvries/.conda/envs/dcfn/lib/python3.7/site-packages/sklearn/utils/validation.py:760: DataConversionWarning: A column-vector y was passed when a 1d array was expected. Please change the shape of y to (n_samples, ), for example using ravel().
  y = column_or_1d(y, warn=True)
/home/mvries/.conda/envs/dcfn/lib/python3.7/site-packages/sklearn/svm/_base.py:947: ConvergenceWarning: Liblinear failed to converge, increase the number of iterations.
  "the number of iterations.", ConvergenceWarning)
/home/mvries/.conda/envs/dcfn/lib/python3.7/site-packages/sklearn/utils/linear_assignment_.py:128: FutureWarning: The linear_assignment function is deprecated in 0.21 and will be removed from 0.23. Use scipy.optimize.linear_sum_assignment instead.
  FutureWarning)
/home/mvries/.conda/envs/dcfn/lib/python3.7/site-packages/sklearn/utils/validation.py:760: DataConversionWarning: A column-vector y was passed when a 1d array was expected. Please change the shape of y to (n_samples, ), for example using ravel().
  y = column_or_1d(y, warn=True)
/home/mvries/.conda/envs/dcfn/lib/python3.7/site-packages/sklearn/svm/_base.py:947: ConvergenceWarning: Liblinear failed to converge, increase the number of iterations.
  "the number of iterations.", ConvergenceWarning)
/home/mvries/.conda/envs/dcfn/lib/python3.7/site-packages/sklearn/utils/linear_assignment_.py:128: FutureWarning: The linear_assignment function is deprecated in 0.21 and will be removed from 0.23. Use scipy.optimize.linear_sum_assignment instead.
  FutureWarning)
/home/mvries/.conda/envs/dcfn/lib/python3.7/site-packages/sklearn/utils/validation.py:760: DataConversionWarning: A column-vector y was passed when a 1d array was expected. Please change the shape of y to (n_samples, ), for example using ravel().
  y = column_or_1d(y, warn=True)
/home/mvries/.conda/envs/dcfn/lib/python3.7/site-packages/sklearn/svm/_base.py:947: ConvergenceWarning: Liblinear failed to converge, increase the number of iterations.
  "the number of iterations.", ConvergenceWarning)
/home/mvries/.conda/envs/dcfn/lib/python3.7/site-packages/sklearn/utils/linear_assignment_.py:128: FutureWarning: The linear_assignment function is deprecated in 0.21 and will be removed from 0.23. Use scipy.optimize.linear_sum_assignment instead.
  FutureWarning)
/home/mvries/.conda/envs/dcfn/lib/python3.7/site-packages/sklearn/utils/validation.py:760: DataConversionWarning: A column-vector y was passed when a 1d array was expected. Please change the shape of y to (n_samples, ), for example using ravel().
  y = column_or_1d(y, warn=True)
/home/mvries/.conda/envs/dcfn/lib/python3.7/site-packages/sklearn/svm/_base.py:947: ConvergenceWarning: Liblinear failed to converge, increase the number of iterations.
  "the number of iterations.", ConvergenceWarning)
/home/mvries/.conda/envs/dcfn/lib/python3.7/site-packages/sklearn/utils/linear_assignment_.py:128: FutureWarning: The linear_assignment function is deprecated in 0.21 and will be removed from 0.23. Use scipy.optimize.linear_sum_assignment instead.
  FutureWarning)
/home/mvries/.conda/envs/dcfn/lib/python3.7/site-packages/sklearn/utils/validation.py:760: DataConversionWarning: A column-vector y was passed when a 1d array was expected. Please change the shape of y to (n_samples, ), for example using ravel().
  y = column_or_1d(y, warn=True)
/home/mvries/.conda/envs/dcfn/lib/python3.7/site-packages/sklearn/svm/_base.py:947: ConvergenceWarning: Liblinear failed to converge, increase the number of iterations.
  "the number of iterations.", ConvergenceWarning)
/home/mvries/.conda/envs/dcfn/lib/python3.7/site-packages/sklearn/utils/linear_assignment_.py:128: FutureWarning: The linear_assignment function is deprecated in 0.21 and will be removed from 0.23. Use scipy.optimize.linear_sum_assignment instead.
  FutureWarning)
/home/mvries/.conda/envs/dcfn/lib/python3.7/site-packages/sklearn/utils/validation.py:760: DataConversionWarning: A column-vector y was passed when a 1d array was expected. Please change the shape of y to (n_samples, ), for example using ravel().
  y = column_or_1d(y, warn=True)
/home/mvries/.conda/envs/dcfn/lib/python3.7/site-packages/sklearn/svm/_base.py:947: ConvergenceWarning: Liblinear failed to converge, increase the number of iterations.
  "the number of iterations.", ConvergenceWarning)
/home/mvries/.conda/envs/dcfn/lib/python3.7/site-packages/sklearn/utils/linear_assignment_.py:128: FutureWarning: The linear_assignment function is deprecated in 0.21 and will be removed from 0.23. Use scipy.optimize.linear_sum_assignment instead.
  FutureWarning)
slurmstepd: error: *** JOB 1252271 ON gpu02 CANCELLED AT 2021-04-14T13:57:25 ***
