/home/mvries/.conda/envs/dcfn/lib/python3.7/site-packages/torch/nn/_reduction.py:44: UserWarning: size_average and reduce args will be deprecated, please use reduction='sum' instead.
  warnings.warn(warning.format(ret))
Traceback (most recent call last):
  File "main.py", line 470, in <module>
    model = train_model(model, dataloader, criteria, optimizers, schedulers, epochs, params, dataloader_inference)
  File "/home/mvries/DeepClusterConv/training_functions.py", line 114, in train_model
    pretrain_epochs, params)
  File "/home/mvries/DeepClusterConv/training_functions.py", line 509, in pretraining
    outputs, _, feats, _ = model(inputs)
  File "/home/mvries/.conda/envs/dcfn/lib/python3.7/site-packages/torch/nn/modules/module.py", line 727, in _call_impl
    result = self.forward(*input, **kwargs)
  File "/home/mvries/DeepClusterConv/networks.py", line 341, in forward
    x = self.encoder(x)
  File "/home/mvries/.conda/envs/dcfn/lib/python3.7/site-packages/torch/nn/modules/module.py", line 727, in _call_impl
    result = self.forward(*input, **kwargs)
  File "/home/mvries/.conda/envs/dcfn/lib/python3.7/site-packages/torch/nn/modules/container.py", line 117, in forward
    input = module(input)
  File "/home/mvries/.conda/envs/dcfn/lib/python3.7/site-packages/torch/nn/modules/module.py", line 727, in _call_impl
    result = self.forward(*input, **kwargs)
  File "/home/mvries/.conda/envs/dcfn/lib/python3.7/site-packages/torch/nn/modules/linear.py", line 93, in forward
    return F.linear(input, self.weight, self.bias)
  File "/home/mvries/.conda/envs/dcfn/lib/python3.7/site-packages/torch/nn/functional.py", line 1690, in linear
    ret = torch.addmm(bias, input, weight.t())
RuntimeError: mat1 dim 1 must match mat2 dim 0
/home/mvries/.conda/envs/dcfn/lib/python3.7/site-packages/torch/nn/_reduction.py:44: UserWarning: size_average and reduce args will be deprecated, please use reduction='sum' instead.
  warnings.warn(warning.format(ret))
Traceback (most recent call last):
  File "main.py", line 470, in <module>
    model = train_model(model, dataloader, criteria, optimizers, schedulers, epochs, params, dataloader_inference)
  File "/home/mvries/DeepClusterConv/training_functions.py", line 114, in train_model
    pretrain_epochs, params)
  File "/home/mvries/DeepClusterConv/training_functions.py", line 509, in pretraining
    outputs, _, feats, _ = model(inputs)
  File "/home/mvries/.conda/envs/dcfn/lib/python3.7/site-packages/torch/nn/modules/module.py", line 727, in _call_impl
    result = self.forward(*input, **kwargs)
  File "/home/mvries/DeepClusterConv/networks.py", line 341, in forward
    x = self.encoder(x)
  File "/home/mvries/.conda/envs/dcfn/lib/python3.7/site-packages/torch/nn/modules/module.py", line 727, in _call_impl
    result = self.forward(*input, **kwargs)
  File "/home/mvries/.conda/envs/dcfn/lib/python3.7/site-packages/torch/nn/modules/container.py", line 117, in forward
    input = module(input)
  File "/home/mvries/.conda/envs/dcfn/lib/python3.7/site-packages/torch/nn/modules/module.py", line 727, in _call_impl
    result = self.forward(*input, **kwargs)
  File "/home/mvries/.conda/envs/dcfn/lib/python3.7/site-packages/torch/nn/modules/linear.py", line 93, in forward
    return F.linear(input, self.weight, self.bias)
  File "/home/mvries/.conda/envs/dcfn/lib/python3.7/site-packages/torch/nn/functional.py", line 1690, in linear
    ret = torch.addmm(bias, input, weight.t())
RuntimeError: mat1 dim 1 must match mat2 dim 0
/home/mvries/.conda/envs/dcfn/lib/python3.7/site-packages/torch/nn/_reduction.py:44: UserWarning: size_average and reduce args will be deprecated, please use reduction='sum' instead.
  warnings.warn(warning.format(ret))
Traceback (most recent call last):
  File "main.py", line 470, in <module>
    model = train_model(model, dataloader, criteria, optimizers, schedulers, epochs, params, dataloader_inference)
  File "/home/mvries/DeepClusterConv/training_functions.py", line 114, in train_model
    pretrain_epochs, params)
  File "/home/mvries/DeepClusterConv/training_functions.py", line 509, in pretraining
    outputs, _, feats, _ = model(inputs)
  File "/home/mvries/.conda/envs/dcfn/lib/python3.7/site-packages/torch/nn/modules/module.py", line 727, in _call_impl
    result = self.forward(*input, **kwargs)
  File "/home/mvries/DeepClusterConv/networks.py", line 341, in forward
    x = self.encoder(x)
  File "/home/mvries/.conda/envs/dcfn/lib/python3.7/site-packages/torch/nn/modules/module.py", line 727, in _call_impl
    result = self.forward(*input, **kwargs)
  File "/home/mvries/.conda/envs/dcfn/lib/python3.7/site-packages/torch/nn/modules/container.py", line 117, in forward
    input = module(input)
  File "/home/mvries/.conda/envs/dcfn/lib/python3.7/site-packages/torch/nn/modules/module.py", line 727, in _call_impl
    result = self.forward(*input, **kwargs)
  File "/home/mvries/.conda/envs/dcfn/lib/python3.7/site-packages/torch/nn/modules/linear.py", line 93, in forward
    return F.linear(input, self.weight, self.bias)
  File "/home/mvries/.conda/envs/dcfn/lib/python3.7/site-packages/torch/nn/functional.py", line 1690, in linear
    ret = torch.addmm(bias, input, weight.t())
RuntimeError: mat1 dim 1 must match mat2 dim 0
/home/mvries/.conda/envs/dcfn/lib/python3.7/site-packages/torch/nn/_reduction.py:44: UserWarning: size_average and reduce args will be deprecated, please use reduction='sum' instead.
  warnings.warn(warning.format(ret))
Traceback (most recent call last):
  File "main.py", line 470, in <module>
    model = train_model(model, dataloader, criteria, optimizers, schedulers, epochs, params, dataloader_inference)
  File "/home/mvries/DeepClusterConv/training_functions.py", line 114, in train_model
    pretrain_epochs, params)
  File "/home/mvries/DeepClusterConv/training_functions.py", line 509, in pretraining
    outputs, _, feats, _ = model(inputs)
  File "/home/mvries/.conda/envs/dcfn/lib/python3.7/site-packages/torch/nn/modules/module.py", line 727, in _call_impl
    result = self.forward(*input, **kwargs)
  File "/home/mvries/DeepClusterConv/networks.py", line 341, in forward
    x = self.encoder(x)
  File "/home/mvries/.conda/envs/dcfn/lib/python3.7/site-packages/torch/nn/modules/module.py", line 727, in _call_impl
    result = self.forward(*input, **kwargs)
  File "/home/mvries/.conda/envs/dcfn/lib/python3.7/site-packages/torch/nn/modules/container.py", line 117, in forward
    input = module(input)
  File "/home/mvries/.conda/envs/dcfn/lib/python3.7/site-packages/torch/nn/modules/module.py", line 727, in _call_impl
    result = self.forward(*input, **kwargs)
  File "/home/mvries/.conda/envs/dcfn/lib/python3.7/site-packages/torch/nn/modules/linear.py", line 93, in forward
    return F.linear(input, self.weight, self.bias)
  File "/home/mvries/.conda/envs/dcfn/lib/python3.7/site-packages/torch/nn/functional.py", line 1690, in linear
    ret = torch.addmm(bias, input, weight.t())
RuntimeError: mat1 dim 1 must match mat2 dim 0
/home/mvries/.conda/envs/dcfn/lib/python3.7/site-packages/torch/nn/_reduction.py:44: UserWarning: size_average and reduce args will be deprecated, please use reduction='sum' instead.
  warnings.warn(warning.format(ret))
Traceback (most recent call last):
  File "main.py", line 470, in <module>
    model = train_model(model, dataloader, criteria, optimizers, schedulers, epochs, params, dataloader_inference)
  File "/home/mvries/DeepClusterConv/training_functions.py", line 114, in train_model
    pretrain_epochs, params)
  File "/home/mvries/DeepClusterConv/training_functions.py", line 509, in pretraining
    outputs, _, feats, _ = model(inputs)
  File "/home/mvries/.conda/envs/dcfn/lib/python3.7/site-packages/torch/nn/modules/module.py", line 727, in _call_impl
    result = self.forward(*input, **kwargs)
  File "/home/mvries/DeepClusterConv/networks.py", line 341, in forward
    x = self.encoder(x)
  File "/home/mvries/.conda/envs/dcfn/lib/python3.7/site-packages/torch/nn/modules/module.py", line 727, in _call_impl
    result = self.forward(*input, **kwargs)
  File "/home/mvries/.conda/envs/dcfn/lib/python3.7/site-packages/torch/nn/modules/container.py", line 117, in forward
    input = module(input)
  File "/home/mvries/.conda/envs/dcfn/lib/python3.7/site-packages/torch/nn/modules/module.py", line 727, in _call_impl
    result = self.forward(*input, **kwargs)
  File "/home/mvries/.conda/envs/dcfn/lib/python3.7/site-packages/torch/nn/modules/linear.py", line 93, in forward
    return F.linear(input, self.weight, self.bias)
  File "/home/mvries/.conda/envs/dcfn/lib/python3.7/site-packages/torch/nn/functional.py", line 1690, in linear
    ret = torch.addmm(bias, input, weight.t())
RuntimeError: mat1 dim 1 must match mat2 dim 0
/home/mvries/.conda/envs/dcfn/lib/python3.7/site-packages/torch/nn/_reduction.py:44: UserWarning: size_average and reduce args will be deprecated, please use reduction='sum' instead.
  warnings.warn(warning.format(ret))
Traceback (most recent call last):
  File "main.py", line 470, in <module>
    model = train_model(model, dataloader, criteria, optimizers, schedulers, epochs, params, dataloader_inference)
  File "/home/mvries/DeepClusterConv/training_functions.py", line 114, in train_model
    pretrain_epochs, params)
  File "/home/mvries/DeepClusterConv/training_functions.py", line 509, in pretraining
    outputs, _, feats, _ = model(inputs)
  File "/home/mvries/.conda/envs/dcfn/lib/python3.7/site-packages/torch/nn/modules/module.py", line 727, in _call_impl
    result = self.forward(*input, **kwargs)
  File "/home/mvries/DeepClusterConv/networks.py", line 341, in forward
    x = self.encoder(x)
  File "/home/mvries/.conda/envs/dcfn/lib/python3.7/site-packages/torch/nn/modules/module.py", line 727, in _call_impl
    result = self.forward(*input, **kwargs)
  File "/home/mvries/.conda/envs/dcfn/lib/python3.7/site-packages/torch/nn/modules/container.py", line 117, in forward
    input = module(input)
  File "/home/mvries/.conda/envs/dcfn/lib/python3.7/site-packages/torch/nn/modules/module.py", line 727, in _call_impl
    result = self.forward(*input, **kwargs)
  File "/home/mvries/.conda/envs/dcfn/lib/python3.7/site-packages/torch/nn/modules/linear.py", line 93, in forward
    return F.linear(input, self.weight, self.bias)
  File "/home/mvries/.conda/envs/dcfn/lib/python3.7/site-packages/torch/nn/functional.py", line 1690, in linear
    ret = torch.addmm(bias, input, weight.t())
RuntimeError: mat1 dim 1 must match mat2 dim 0
/home/mvries/.conda/envs/dcfn/lib/python3.7/site-packages/torch/nn/_reduction.py:44: UserWarning: size_average and reduce args will be deprecated, please use reduction='sum' instead.
  warnings.warn(warning.format(ret))
Traceback (most recent call last):
  File "main.py", line 470, in <module>
    model = train_model(model, dataloader, criteria, optimizers, schedulers, epochs, params, dataloader_inference)
  File "/home/mvries/DeepClusterConv/training_functions.py", line 114, in train_model
    pretrain_epochs, params)
  File "/home/mvries/DeepClusterConv/training_functions.py", line 509, in pretraining
    outputs, _, feats, _ = model(inputs)
  File "/home/mvries/.conda/envs/dcfn/lib/python3.7/site-packages/torch/nn/modules/module.py", line 727, in _call_impl
    result = self.forward(*input, **kwargs)
  File "/home/mvries/DeepClusterConv/networks.py", line 341, in forward
    x = self.encoder(x)
  File "/home/mvries/.conda/envs/dcfn/lib/python3.7/site-packages/torch/nn/modules/module.py", line 727, in _call_impl
    result = self.forward(*input, **kwargs)
  File "/home/mvries/.conda/envs/dcfn/lib/python3.7/site-packages/torch/nn/modules/container.py", line 117, in forward
    input = module(input)
  File "/home/mvries/.conda/envs/dcfn/lib/python3.7/site-packages/torch/nn/modules/module.py", line 727, in _call_impl
    result = self.forward(*input, **kwargs)
  File "/home/mvries/.conda/envs/dcfn/lib/python3.7/site-packages/torch/nn/modules/linear.py", line 93, in forward
    return F.linear(input, self.weight, self.bias)
  File "/home/mvries/.conda/envs/dcfn/lib/python3.7/site-packages/torch/nn/functional.py", line 1690, in linear
    ret = torch.addmm(bias, input, weight.t())
RuntimeError: mat1 dim 1 must match mat2 dim 0
/home/mvries/.conda/envs/dcfn/lib/python3.7/site-packages/torch/nn/_reduction.py:44: UserWarning: size_average and reduce args will be deprecated, please use reduction='sum' instead.
  warnings.warn(warning.format(ret))
Traceback (most recent call last):
  File "main.py", line 470, in <module>
    model = train_model(model, dataloader, criteria, optimizers, schedulers, epochs, params, dataloader_inference)
  File "/home/mvries/DeepClusterConv/training_functions.py", line 114, in train_model
    pretrain_epochs, params)
  File "/home/mvries/DeepClusterConv/training_functions.py", line 509, in pretraining
    outputs, _, feats, _ = model(inputs)
  File "/home/mvries/.conda/envs/dcfn/lib/python3.7/site-packages/torch/nn/modules/module.py", line 727, in _call_impl
    result = self.forward(*input, **kwargs)
  File "/home/mvries/DeepClusterConv/networks.py", line 341, in forward
    x = self.encoder(x)
  File "/home/mvries/.conda/envs/dcfn/lib/python3.7/site-packages/torch/nn/modules/module.py", line 727, in _call_impl
    result = self.forward(*input, **kwargs)
  File "/home/mvries/.conda/envs/dcfn/lib/python3.7/site-packages/torch/nn/modules/container.py", line 117, in forward
    input = module(input)
  File "/home/mvries/.conda/envs/dcfn/lib/python3.7/site-packages/torch/nn/modules/module.py", line 727, in _call_impl
    result = self.forward(*input, **kwargs)
  File "/home/mvries/.conda/envs/dcfn/lib/python3.7/site-packages/torch/nn/modules/linear.py", line 93, in forward
    return F.linear(input, self.weight, self.bias)
  File "/home/mvries/.conda/envs/dcfn/lib/python3.7/site-packages/torch/nn/functional.py", line 1690, in linear
    ret = torch.addmm(bias, input, weight.t())
RuntimeError: mat1 dim 1 must match mat2 dim 0
/home/mvries/.conda/envs/dcfn/lib/python3.7/site-packages/torch/nn/_reduction.py:44: UserWarning: size_average and reduce args will be deprecated, please use reduction='sum' instead.
  warnings.warn(warning.format(ret))
Traceback (most recent call last):
  File "main.py", line 470, in <module>
    model = train_model(model, dataloader, criteria, optimizers, schedulers, epochs, params, dataloader_inference)
  File "/home/mvries/DeepClusterConv/training_functions.py", line 114, in train_model
    pretrain_epochs, params)
  File "/home/mvries/DeepClusterConv/training_functions.py", line 509, in pretraining
    outputs, _, feats, _ = model(inputs)
  File "/home/mvries/.conda/envs/dcfn/lib/python3.7/site-packages/torch/nn/modules/module.py", line 727, in _call_impl
    result = self.forward(*input, **kwargs)
  File "/home/mvries/DeepClusterConv/networks.py", line 341, in forward
    x = self.encoder(x)
  File "/home/mvries/.conda/envs/dcfn/lib/python3.7/site-packages/torch/nn/modules/module.py", line 727, in _call_impl
    result = self.forward(*input, **kwargs)
  File "/home/mvries/.conda/envs/dcfn/lib/python3.7/site-packages/torch/nn/modules/container.py", line 117, in forward
    input = module(input)
  File "/home/mvries/.conda/envs/dcfn/lib/python3.7/site-packages/torch/nn/modules/module.py", line 727, in _call_impl
    result = self.forward(*input, **kwargs)
  File "/home/mvries/.conda/envs/dcfn/lib/python3.7/site-packages/torch/nn/modules/linear.py", line 93, in forward
    return F.linear(input, self.weight, self.bias)
  File "/home/mvries/.conda/envs/dcfn/lib/python3.7/site-packages/torch/nn/functional.py", line 1690, in linear
    ret = torch.addmm(bias, input, weight.t())
RuntimeError: mat1 dim 1 must match mat2 dim 0
/home/mvries/.conda/envs/dcfn/lib/python3.7/site-packages/torch/nn/_reduction.py:44: UserWarning: size_average and reduce args will be deprecated, please use reduction='sum' instead.
  warnings.warn(warning.format(ret))
Traceback (most recent call last):
  File "main.py", line 470, in <module>
    model = train_model(model, dataloader, criteria, optimizers, schedulers, epochs, params, dataloader_inference)
  File "/home/mvries/DeepClusterConv/training_functions.py", line 114, in train_model
    pretrain_epochs, params)
  File "/home/mvries/DeepClusterConv/training_functions.py", line 509, in pretraining
    outputs, _, feats, _ = model(inputs)
  File "/home/mvries/.conda/envs/dcfn/lib/python3.7/site-packages/torch/nn/modules/module.py", line 727, in _call_impl
    result = self.forward(*input, **kwargs)
  File "/home/mvries/DeepClusterConv/networks.py", line 341, in forward
    x = self.encoder(x)
  File "/home/mvries/.conda/envs/dcfn/lib/python3.7/site-packages/torch/nn/modules/module.py", line 727, in _call_impl
    result = self.forward(*input, **kwargs)
  File "/home/mvries/.conda/envs/dcfn/lib/python3.7/site-packages/torch/nn/modules/container.py", line 117, in forward
    input = module(input)
  File "/home/mvries/.conda/envs/dcfn/lib/python3.7/site-packages/torch/nn/modules/module.py", line 727, in _call_impl
    result = self.forward(*input, **kwargs)
  File "/home/mvries/.conda/envs/dcfn/lib/python3.7/site-packages/torch/nn/modules/linear.py", line 93, in forward
    return F.linear(input, self.weight, self.bias)
  File "/home/mvries/.conda/envs/dcfn/lib/python3.7/site-packages/torch/nn/functional.py", line 1690, in linear
    ret = torch.addmm(bias, input, weight.t())
RuntimeError: mat1 dim 1 must match mat2 dim 0
/home/mvries/.conda/envs/dcfn/lib/python3.7/site-packages/torch/nn/_reduction.py:44: UserWarning: size_average and reduce args will be deprecated, please use reduction='sum' instead.
  warnings.warn(warning.format(ret))
Traceback (most recent call last):
  File "main.py", line 470, in <module>
    model = train_model(model, dataloader, criteria, optimizers, schedulers, epochs, params, dataloader_inference)
  File "/home/mvries/DeepClusterConv/training_functions.py", line 114, in train_model
    pretrain_epochs, params)
  File "/home/mvries/DeepClusterConv/training_functions.py", line 509, in pretraining
    outputs, _, feats, _ = model(inputs)
  File "/home/mvries/.conda/envs/dcfn/lib/python3.7/site-packages/torch/nn/modules/module.py", line 727, in _call_impl
    result = self.forward(*input, **kwargs)
  File "/home/mvries/DeepClusterConv/networks.py", line 341, in forward
    x = self.encoder(x)
  File "/home/mvries/.conda/envs/dcfn/lib/python3.7/site-packages/torch/nn/modules/module.py", line 727, in _call_impl
    result = self.forward(*input, **kwargs)
  File "/home/mvries/.conda/envs/dcfn/lib/python3.7/site-packages/torch/nn/modules/container.py", line 117, in forward
    input = module(input)
  File "/home/mvries/.conda/envs/dcfn/lib/python3.7/site-packages/torch/nn/modules/module.py", line 727, in _call_impl
    result = self.forward(*input, **kwargs)
  File "/home/mvries/.conda/envs/dcfn/lib/python3.7/site-packages/torch/nn/modules/linear.py", line 93, in forward
    return F.linear(input, self.weight, self.bias)
  File "/home/mvries/.conda/envs/dcfn/lib/python3.7/site-packages/torch/nn/functional.py", line 1690, in linear
    ret = torch.addmm(bias, input, weight.t())
RuntimeError: mat1 dim 1 must match mat2 dim 0
/home/mvries/.conda/envs/dcfn/lib/python3.7/site-packages/torch/nn/_reduction.py:44: UserWarning: size_average and reduce args will be deprecated, please use reduction='sum' instead.
  warnings.warn(warning.format(ret))
Traceback (most recent call last):
  File "main.py", line 470, in <module>
    model = train_model(model, dataloader, criteria, optimizers, schedulers, epochs, params, dataloader_inference)
  File "/home/mvries/DeepClusterConv/training_functions.py", line 114, in train_model
    pretrain_epochs, params)
  File "/home/mvries/DeepClusterConv/training_functions.py", line 509, in pretraining
    outputs, _, feats, _ = model(inputs)
  File "/home/mvries/.conda/envs/dcfn/lib/python3.7/site-packages/torch/nn/modules/module.py", line 727, in _call_impl
    result = self.forward(*input, **kwargs)
  File "/home/mvries/DeepClusterConv/networks.py", line 341, in forward
    x = self.encoder(x)
  File "/home/mvries/.conda/envs/dcfn/lib/python3.7/site-packages/torch/nn/modules/module.py", line 727, in _call_impl
    result = self.forward(*input, **kwargs)
  File "/home/mvries/.conda/envs/dcfn/lib/python3.7/site-packages/torch/nn/modules/container.py", line 117, in forward
    input = module(input)
  File "/home/mvries/.conda/envs/dcfn/lib/python3.7/site-packages/torch/nn/modules/module.py", line 727, in _call_impl
    result = self.forward(*input, **kwargs)
  File "/home/mvries/.conda/envs/dcfn/lib/python3.7/site-packages/torch/nn/modules/linear.py", line 93, in forward
    return F.linear(input, self.weight, self.bias)
  File "/home/mvries/.conda/envs/dcfn/lib/python3.7/site-packages/torch/nn/functional.py", line 1690, in linear
    ret = torch.addmm(bias, input, weight.t())
RuntimeError: mat1 dim 1 must match mat2 dim 0
/home/mvries/.conda/envs/dcfn/lib/python3.7/site-packages/torch/nn/_reduction.py:44: UserWarning: size_average and reduce args will be deprecated, please use reduction='sum' instead.
  warnings.warn(warning.format(ret))
Traceback (most recent call last):
  File "main.py", line 470, in <module>
    model = train_model(model, dataloader, criteria, optimizers, schedulers, epochs, params, dataloader_inference)
  File "/home/mvries/DeepClusterConv/training_functions.py", line 114, in train_model
    pretrain_epochs, params)
  File "/home/mvries/DeepClusterConv/training_functions.py", line 509, in pretraining
    outputs, _, feats, _ = model(inputs)
  File "/home/mvries/.conda/envs/dcfn/lib/python3.7/site-packages/torch/nn/modules/module.py", line 727, in _call_impl
    result = self.forward(*input, **kwargs)
  File "/home/mvries/DeepClusterConv/networks.py", line 341, in forward
    x = self.encoder(x)
  File "/home/mvries/.conda/envs/dcfn/lib/python3.7/site-packages/torch/nn/modules/module.py", line 727, in _call_impl
    result = self.forward(*input, **kwargs)
  File "/home/mvries/.conda/envs/dcfn/lib/python3.7/site-packages/torch/nn/modules/container.py", line 117, in forward
    input = module(input)
  File "/home/mvries/.conda/envs/dcfn/lib/python3.7/site-packages/torch/nn/modules/module.py", line 727, in _call_impl
    result = self.forward(*input, **kwargs)
  File "/home/mvries/.conda/envs/dcfn/lib/python3.7/site-packages/torch/nn/modules/linear.py", line 93, in forward
    return F.linear(input, self.weight, self.bias)
  File "/home/mvries/.conda/envs/dcfn/lib/python3.7/site-packages/torch/nn/functional.py", line 1690, in linear
    ret = torch.addmm(bias, input, weight.t())
RuntimeError: mat1 dim 1 must match mat2 dim 0
/home/mvries/.conda/envs/dcfn/lib/python3.7/site-packages/torch/nn/_reduction.py:44: UserWarning: size_average and reduce args will be deprecated, please use reduction='sum' instead.
  warnings.warn(warning.format(ret))
Traceback (most recent call last):
  File "main.py", line 470, in <module>
    model = train_model(model, dataloader, criteria, optimizers, schedulers, epochs, params, dataloader_inference)
  File "/home/mvries/DeepClusterConv/training_functions.py", line 114, in train_model
    pretrain_epochs, params)
  File "/home/mvries/DeepClusterConv/training_functions.py", line 509, in pretraining
    outputs, _, feats, _ = model(inputs)
  File "/home/mvries/.conda/envs/dcfn/lib/python3.7/site-packages/torch/nn/modules/module.py", line 727, in _call_impl
    result = self.forward(*input, **kwargs)
  File "/home/mvries/DeepClusterConv/networks.py", line 341, in forward
    x = self.encoder(x)
  File "/home/mvries/.conda/envs/dcfn/lib/python3.7/site-packages/torch/nn/modules/module.py", line 727, in _call_impl
    result = self.forward(*input, **kwargs)
  File "/home/mvries/.conda/envs/dcfn/lib/python3.7/site-packages/torch/nn/modules/container.py", line 117, in forward
    input = module(input)
  File "/home/mvries/.conda/envs/dcfn/lib/python3.7/site-packages/torch/nn/modules/module.py", line 727, in _call_impl
    result = self.forward(*input, **kwargs)
  File "/home/mvries/.conda/envs/dcfn/lib/python3.7/site-packages/torch/nn/modules/linear.py", line 93, in forward
    return F.linear(input, self.weight, self.bias)
  File "/home/mvries/.conda/envs/dcfn/lib/python3.7/site-packages/torch/nn/functional.py", line 1690, in linear
    ret = torch.addmm(bias, input, weight.t())
RuntimeError: mat1 dim 1 must match mat2 dim 0
/home/mvries/.conda/envs/dcfn/lib/python3.7/site-packages/torch/nn/_reduction.py:44: UserWarning: size_average and reduce args will be deprecated, please use reduction='sum' instead.
  warnings.warn(warning.format(ret))
Traceback (most recent call last):
  File "main.py", line 470, in <module>
    model = train_model(model, dataloader, criteria, optimizers, schedulers, epochs, params, dataloader_inference)
  File "/home/mvries/DeepClusterConv/training_functions.py", line 114, in train_model
    pretrain_epochs, params)
  File "/home/mvries/DeepClusterConv/training_functions.py", line 509, in pretraining
    outputs, _, feats, _ = model(inputs)
  File "/home/mvries/.conda/envs/dcfn/lib/python3.7/site-packages/torch/nn/modules/module.py", line 727, in _call_impl
    result = self.forward(*input, **kwargs)
  File "/home/mvries/DeepClusterConv/networks.py", line 341, in forward
    x = self.encoder(x)
  File "/home/mvries/.conda/envs/dcfn/lib/python3.7/site-packages/torch/nn/modules/module.py", line 727, in _call_impl
    result = self.forward(*input, **kwargs)
  File "/home/mvries/.conda/envs/dcfn/lib/python3.7/site-packages/torch/nn/modules/container.py", line 117, in forward
    input = module(input)
  File "/home/mvries/.conda/envs/dcfn/lib/python3.7/site-packages/torch/nn/modules/module.py", line 727, in _call_impl
    result = self.forward(*input, **kwargs)
  File "/home/mvries/.conda/envs/dcfn/lib/python3.7/site-packages/torch/nn/modules/linear.py", line 93, in forward
    return F.linear(input, self.weight, self.bias)
  File "/home/mvries/.conda/envs/dcfn/lib/python3.7/site-packages/torch/nn/functional.py", line 1690, in linear
    ret = torch.addmm(bias, input, weight.t())
RuntimeError: mat1 dim 1 must match mat2 dim 0
/home/mvries/.conda/envs/dcfn/lib/python3.7/site-packages/torch/nn/_reduction.py:44: UserWarning: size_average and reduce args will be deprecated, please use reduction='sum' instead.
  warnings.warn(warning.format(ret))
Traceback (most recent call last):
  File "main.py", line 470, in <module>
    model = train_model(model, dataloader, criteria, optimizers, schedulers, epochs, params, dataloader_inference)
  File "/home/mvries/DeepClusterConv/training_functions.py", line 114, in train_model
    pretrain_epochs, params)
  File "/home/mvries/DeepClusterConv/training_functions.py", line 509, in pretraining
    outputs, _, feats, _ = model(inputs)
  File "/home/mvries/.conda/envs/dcfn/lib/python3.7/site-packages/torch/nn/modules/module.py", line 727, in _call_impl
    result = self.forward(*input, **kwargs)
  File "/home/mvries/DeepClusterConv/networks.py", line 341, in forward
    x = self.encoder(x)
  File "/home/mvries/.conda/envs/dcfn/lib/python3.7/site-packages/torch/nn/modules/module.py", line 727, in _call_impl
    result = self.forward(*input, **kwargs)
  File "/home/mvries/.conda/envs/dcfn/lib/python3.7/site-packages/torch/nn/modules/container.py", line 117, in forward
    input = module(input)
  File "/home/mvries/.conda/envs/dcfn/lib/python3.7/site-packages/torch/nn/modules/module.py", line 727, in _call_impl
    result = self.forward(*input, **kwargs)
  File "/home/mvries/.conda/envs/dcfn/lib/python3.7/site-packages/torch/nn/modules/linear.py", line 93, in forward
    return F.linear(input, self.weight, self.bias)
  File "/home/mvries/.conda/envs/dcfn/lib/python3.7/site-packages/torch/nn/functional.py", line 1690, in linear
    ret = torch.addmm(bias, input, weight.t())
RuntimeError: mat1 dim 1 must match mat2 dim 0
/home/mvries/.conda/envs/dcfn/lib/python3.7/site-packages/torch/nn/_reduction.py:44: UserWarning: size_average and reduce args will be deprecated, please use reduction='sum' instead.
  warnings.warn(warning.format(ret))
Traceback (most recent call last):
  File "main.py", line 470, in <module>
    model = train_model(model, dataloader, criteria, optimizers, schedulers, epochs, params, dataloader_inference)
  File "/home/mvries/DeepClusterConv/training_functions.py", line 114, in train_model
    pretrain_epochs, params)
  File "/home/mvries/DeepClusterConv/training_functions.py", line 509, in pretraining
    outputs, _, feats, _ = model(inputs)
  File "/home/mvries/.conda/envs/dcfn/lib/python3.7/site-packages/torch/nn/modules/module.py", line 727, in _call_impl
    result = self.forward(*input, **kwargs)
  File "/home/mvries/DeepClusterConv/networks.py", line 341, in forward
    x = self.encoder(x)
  File "/home/mvries/.conda/envs/dcfn/lib/python3.7/site-packages/torch/nn/modules/module.py", line 727, in _call_impl
    result = self.forward(*input, **kwargs)
  File "/home/mvries/.conda/envs/dcfn/lib/python3.7/site-packages/torch/nn/modules/container.py", line 117, in forward
    input = module(input)
  File "/home/mvries/.conda/envs/dcfn/lib/python3.7/site-packages/torch/nn/modules/module.py", line 727, in _call_impl
    result = self.forward(*input, **kwargs)
  File "/home/mvries/.conda/envs/dcfn/lib/python3.7/site-packages/torch/nn/modules/linear.py", line 93, in forward
    return F.linear(input, self.weight, self.bias)
  File "/home/mvries/.conda/envs/dcfn/lib/python3.7/site-packages/torch/nn/functional.py", line 1690, in linear
    ret = torch.addmm(bias, input, weight.t())
RuntimeError: mat1 dim 1 must match mat2 dim 0
