/home/mvries/.conda/envs/dcfn/lib/python3.7/site-packages/torch/nn/_reduction.py:44: UserWarning: size_average and reduce args will be deprecated, please use reduction='sum' instead.
  warnings.warn(warning.format(ret))
Traceback (most recent call last):
  File "main.py", line 434, in <module>
    model = eval(to_eval)
  File "<string>", line 1, in <module>
  File "/home/mvries/DeepClusterConv/networks.py", line 301, in __init__
    * ((int(str(self.input_shape[2])) // 2 // 2 - 1) // 2) * \
ValueError: invalid literal for int() with base 10: '[64]'
/home/mvries/.conda/envs/dcfn/lib/python3.7/site-packages/torch/nn/_reduction.py:44: UserWarning: size_average and reduce args will be deprecated, please use reduction='sum' instead.
  warnings.warn(warning.format(ret))
Traceback (most recent call last):
  File "main.py", line 434, in <module>
    model = eval(to_eval)
  File "<string>", line 1, in <module>
  File "/home/mvries/DeepClusterConv/networks.py", line 301, in __init__
    * ((int(str(self.input_shape[2])) // 2 // 2 - 1) // 2) * \
ValueError: invalid literal for int() with base 10: '[64]'
/home/mvries/.conda/envs/dcfn/lib/python3.7/site-packages/torch/nn/_reduction.py:44: UserWarning: size_average and reduce args will be deprecated, please use reduction='sum' instead.
  warnings.warn(warning.format(ret))
Traceback (most recent call last):
  File "main.py", line 434, in <module>
    model = eval(to_eval)
  File "<string>", line 1, in <module>
  File "/home/mvries/DeepClusterConv/networks.py", line 301, in __init__
    * ((int(str(self.input_shape[2])) // 2 // 2 - 1) // 2) * \
ValueError: invalid literal for int() with base 10: '[64]'
/home/mvries/.conda/envs/dcfn/lib/python3.7/site-packages/torch/nn/_reduction.py:44: UserWarning: size_average and reduce args will be deprecated, please use reduction='sum' instead.
  warnings.warn(warning.format(ret))
Traceback (most recent call last):
  File "main.py", line 434, in <module>
    model = eval(to_eval)
  File "<string>", line 1, in <module>
  File "/home/mvries/DeepClusterConv/networks.py", line 301, in __init__
    * ((int(str(self.input_shape[2])) // 2 // 2 - 1) // 2) * \
ValueError: invalid literal for int() with base 10: '[64]'
/home/mvries/.conda/envs/dcfn/lib/python3.7/site-packages/torch/nn/_reduction.py:44: UserWarning: size_average and reduce args will be deprecated, please use reduction='sum' instead.
  warnings.warn(warning.format(ret))
Traceback (most recent call last):
  File "main.py", line 434, in <module>
    model = eval(to_eval)
  File "<string>", line 1, in <module>
  File "/home/mvries/DeepClusterConv/networks.py", line 301, in __init__
    * ((int(str(self.input_shape[2])) // 2 // 2 - 1) // 2) * \
ValueError: invalid literal for int() with base 10: '[64]'
/home/mvries/.conda/envs/dcfn/lib/python3.7/site-packages/torch/nn/_reduction.py:44: UserWarning: size_average and reduce args will be deprecated, please use reduction='sum' instead.
  warnings.warn(warning.format(ret))
Traceback (most recent call last):
  File "main.py", line 434, in <module>
    model = eval(to_eval)
  File "<string>", line 1, in <module>
  File "/home/mvries/DeepClusterConv/networks.py", line 301, in __init__
    * ((int(str(self.input_shape[2])) // 2 // 2 - 1) // 2) * \
ValueError: invalid literal for int() with base 10: '[64]'
/home/mvries/.conda/envs/dcfn/lib/python3.7/site-packages/torch/nn/_reduction.py:44: UserWarning: size_average and reduce args will be deprecated, please use reduction='sum' instead.
  warnings.warn(warning.format(ret))
Traceback (most recent call last):
  File "main.py", line 434, in <module>
    model = eval(to_eval)
  File "<string>", line 1, in <module>
  File "/home/mvries/DeepClusterConv/networks.py", line 301, in __init__
    * ((int(str(self.input_shape[2])) // 2 // 2 - 1) // 2) * \
ValueError: invalid literal for int() with base 10: '[64]'
/home/mvries/.conda/envs/dcfn/lib/python3.7/site-packages/torch/nn/_reduction.py:44: UserWarning: size_average and reduce args will be deprecated, please use reduction='sum' instead.
  warnings.warn(warning.format(ret))
Traceback (most recent call last):
  File "main.py", line 434, in <module>
    model = eval(to_eval)
  File "<string>", line 1, in <module>
  File "/home/mvries/DeepClusterConv/networks.py", line 301, in __init__
    * ((int(str(self.input_shape[2])) // 2 // 2 - 1) // 2) * \
ValueError: invalid literal for int() with base 10: '[64]'
/home/mvries/.conda/envs/dcfn/lib/python3.7/site-packages/torch/nn/_reduction.py:44: UserWarning: size_average and reduce args will be deprecated, please use reduction='sum' instead.
  warnings.warn(warning.format(ret))
Traceback (most recent call last):
  File "main.py", line 434, in <module>
    model = eval(to_eval)
  File "<string>", line 1, in <module>
  File "/home/mvries/DeepClusterConv/networks.py", line 301, in __init__
    * ((int(str(self.input_shape[2])) // 2 // 2 - 1) // 2) * \
ValueError: invalid literal for int() with base 10: '[64]'
/home/mvries/.conda/envs/dcfn/lib/python3.7/site-packages/torch/nn/_reduction.py:44: UserWarning: size_average and reduce args will be deprecated, please use reduction='sum' instead.
  warnings.warn(warning.format(ret))
Traceback (most recent call last):
  File "main.py", line 434, in <module>
    model = eval(to_eval)
  File "<string>", line 1, in <module>
  File "/home/mvries/DeepClusterConv/networks.py", line 301, in __init__
    * ((int(str(self.input_shape[2])) // 2 // 2 - 1) // 2) * \
ValueError: invalid literal for int() with base 10: '[64]'
/home/mvries/.conda/envs/dcfn/lib/python3.7/site-packages/torch/nn/_reduction.py:44: UserWarning: size_average and reduce args will be deprecated, please use reduction='sum' instead.
  warnings.warn(warning.format(ret))
Traceback (most recent call last):
  File "main.py", line 434, in <module>
    model = eval(to_eval)
  File "<string>", line 1, in <module>
  File "/home/mvries/DeepClusterConv/networks.py", line 301, in __init__
    * ((int(str(self.input_shape[2])) // 2 // 2 - 1) // 2) * \
ValueError: invalid literal for int() with base 10: '[64]'
/home/mvries/.conda/envs/dcfn/lib/python3.7/site-packages/torch/nn/_reduction.py:44: UserWarning: size_average and reduce args will be deprecated, please use reduction='sum' instead.
  warnings.warn(warning.format(ret))
Traceback (most recent call last):
  File "main.py", line 434, in <module>
    model = eval(to_eval)
  File "<string>", line 1, in <module>
  File "/home/mvries/DeepClusterConv/networks.py", line 301, in __init__
    * ((int(str(self.input_shape[2])) // 2 // 2 - 1) // 2) * \
ValueError: invalid literal for int() with base 10: '[64]'
/home/mvries/.conda/envs/dcfn/lib/python3.7/site-packages/torch/nn/_reduction.py:44: UserWarning: size_average and reduce args will be deprecated, please use reduction='sum' instead.
  warnings.warn(warning.format(ret))
Traceback (most recent call last):
  File "main.py", line 434, in <module>
    model = eval(to_eval)
  File "<string>", line 1, in <module>
  File "/home/mvries/DeepClusterConv/networks.py", line 301, in __init__
    * ((int(str(self.input_shape[2])) // 2 // 2 - 1) // 2) * \
ValueError: invalid literal for int() with base 10: '[64]'
/home/mvries/.conda/envs/dcfn/lib/python3.7/site-packages/torch/nn/_reduction.py:44: UserWarning: size_average and reduce args will be deprecated, please use reduction='sum' instead.
  warnings.warn(warning.format(ret))
Traceback (most recent call last):
  File "main.py", line 434, in <module>
    model = eval(to_eval)
  File "<string>", line 1, in <module>
  File "/home/mvries/DeepClusterConv/networks.py", line 301, in __init__
    * ((int(str(self.input_shape[2])) // 2 // 2 - 1) // 2) * \
ValueError: invalid literal for int() with base 10: '[64]'
/home/mvries/.conda/envs/dcfn/lib/python3.7/site-packages/torch/nn/_reduction.py:44: UserWarning: size_average and reduce args will be deprecated, please use reduction='sum' instead.
  warnings.warn(warning.format(ret))
Traceback (most recent call last):
  File "main.py", line 434, in <module>
    model = eval(to_eval)
  File "<string>", line 1, in <module>
  File "/home/mvries/DeepClusterConv/networks.py", line 301, in __init__
    * ((int(str(self.input_shape[2])) // 2 // 2 - 1) // 2) * \
ValueError: invalid literal for int() with base 10: '[64]'
/home/mvries/.conda/envs/dcfn/lib/python3.7/site-packages/torch/nn/_reduction.py:44: UserWarning: size_average and reduce args will be deprecated, please use reduction='sum' instead.
  warnings.warn(warning.format(ret))
Traceback (most recent call last):
  File "main.py", line 434, in <module>
    model = eval(to_eval)
  File "<string>", line 1, in <module>
  File "/home/mvries/DeepClusterConv/networks.py", line 301, in __init__
    * ((int(str(self.input_shape[2])) // 2 // 2 - 1) // 2) * \
ValueError: invalid literal for int() with base 10: '[64]'
/home/mvries/.conda/envs/dcfn/lib/python3.7/site-packages/torch/nn/_reduction.py:44: UserWarning: size_average and reduce args will be deprecated, please use reduction='sum' instead.
  warnings.warn(warning.format(ret))
Traceback (most recent call last):
  File "main.py", line 434, in <module>
    model = eval(to_eval)
  File "<string>", line 1, in <module>
  File "/home/mvries/DeepClusterConv/networks.py", line 301, in __init__
    * ((int(str(self.input_shape[2])) // 2 // 2 - 1) // 2) * \
ValueError: invalid literal for int() with base 10: '[64]'
/home/mvries/.conda/envs/dcfn/lib/python3.7/site-packages/torch/nn/_reduction.py:44: UserWarning: size_average and reduce args will be deprecated, please use reduction='sum' instead.
  warnings.warn(warning.format(ret))
Traceback (most recent call last):
  File "main.py", line 434, in <module>
    model = eval(to_eval)
  File "<string>", line 1, in <module>
  File "/home/mvries/DeepClusterConv/networks.py", line 301, in __init__
    * ((int(str(self.input_shape[2])) // 2 // 2 - 1) // 2) * \
ValueError: invalid literal for int() with base 10: '[64]'
/home/mvries/.conda/envs/dcfn/lib/python3.7/site-packages/torch/nn/_reduction.py:44: UserWarning: size_average and reduce args will be deprecated, please use reduction='sum' instead.
  warnings.warn(warning.format(ret))
Traceback (most recent call last):
  File "main.py", line 434, in <module>
    model = eval(to_eval)
  File "<string>", line 1, in <module>
  File "/home/mvries/DeepClusterConv/networks.py", line 301, in __init__
    * ((int(str(self.input_shape[2])) // 2 // 2 - 1) // 2) * \
ValueError: invalid literal for int() with base 10: '[64]'
/home/mvries/.conda/envs/dcfn/lib/python3.7/site-packages/torch/nn/_reduction.py:44: UserWarning: size_average and reduce args will be deprecated, please use reduction='sum' instead.
  warnings.warn(warning.format(ret))
Traceback (most recent call last):
  File "main.py", line 434, in <module>
    model = eval(to_eval)
  File "<string>", line 1, in <module>
  File "/home/mvries/DeepClusterConv/networks.py", line 301, in __init__
    * ((int(str(self.input_shape[2])) // 2 // 2 - 1) // 2) * \
ValueError: invalid literal for int() with base 10: '[64]'
