/home/mvries/.conda/envs/dcfn/lib/python3.7/site-packages/torch/nn/_reduction.py:44: UserWarning: size_average and reduce args will be deprecated, please use reduction='sum' instead.
  warnings.warn(warning.format(ret))
usage: main.py [-h] [--mode {train_full,pretrain}] [--tensorboard TENSORBOARD]
               [--pretrain PRETRAIN] [--pretrained_net PRETRAINED_NET]
               [--net_architecture {CAE_3,CAE_bn3,CAE_bn3_maxpool,CAE_4,CAE_bn4,CAE_5,CAE_bn5,ResNet,CAE_bn3_Seq,CAE_bn3_Seq_2D}]
               [--dataset {ModelNet10,MNIST-train,custom,MNIST-test,MNIST-full,Single-Cell,ShapeNetVoxel,SingleCellERK_rmNuc,SingleCellERK_128,SingleCellERK,SingleCellERK_Full}]
               [--dataset_path DATASET_PATH] [--batch_size BATCH_SIZE]
               [--rate RATE] [--rate_pretrain RATE_PRETRAIN] [--weight WEIGHT]
               [--weight_pretrain WEIGHT_PRETRAIN] [--sched_step SCHED_STEP]
               [--sched_step_pretrain SCHED_STEP_PRETRAIN]
               [--sched_gamma SCHED_GAMMA]
               [--sched_gamma_pretrain SCHED_GAMMA_PRETRAIN] [--epochs EPOCHS]
               [--epochs_pretrain EPOCHS_PRETRAIN]
               [--printing_frequency PRINTING_FREQUENCY] [--gamma GAMMA]
               [--update_interval UPDATE_INTERVAL] [--tol TOL]
               [--num_clusters NUM_CLUSTERS] [--num_features NUM_FEATURES]
               [--custom_img_size CUSTOM_IMG_SIZE] [--leaky LEAKY]
               [--neg_slope NEG_SLOPE] [--activations ACTIVATIONS]
               [--bias BIAS] [--output_dir OUTPUT_DIR]
               [--train_lightning TRAIN_LIGHTNING] [--num_gpus NUM_GPUS]
               [--resnet_layers RESNET_LAYERS] [--tsne_epochs TSNE_EPOCHS]
               [--q_power Q_POWER] [--rot_loss_weight ROT_LOSS_WEIGHT]
               [--rot_loss_weight_pre ROT_LOSS_WEIGHT_PRE]
main.py: error: unrecognized arguments: --update_intereval 300
