/home/mvries/.conda/envs/dcfn/lib/python3.7/site-packages/torch/nn/_reduction.py:44: UserWarning: size_average and reduce args will be deprecated, please use reduction='sum' instead.
  warnings.warn(warning.format(ret))
/home/mvries/DeepClusterConv/training_functions.py:379: UserWarning: /data/scratch/DBI/DUDBI/DYNCESYS/mvries/DeepClusterConv//reconstructed_img/pretrain_epoch51.tif is a low contrast image
  torch.sigmoid(outputs[0]).cpu().detach().numpy())
/home/mvries/DeepClusterConv/training_functions.py:379: UserWarning: /data/scratch/DBI/DUDBI/DYNCESYS/mvries/DeepClusterConv//reconstructed_img/pretrain_epoch58.tif is a low contrast image
  torch.sigmoid(outputs[0]).cpu().detach().numpy())
/home/mvries/DeepClusterConv/training_functions.py:379: UserWarning: /data/scratch/DBI/DUDBI/DYNCESYS/mvries/DeepClusterConv//reconstructed_img/pretrain_epoch71.tif is a low contrast image
  torch.sigmoid(outputs[0]).cpu().detach().numpy())
/home/mvries/DeepClusterConv/training_functions.py:379: UserWarning: /data/scratch/DBI/DUDBI/DYNCESYS/mvries/DeepClusterConv//reconstructed_img/pretrain_epoch75.tif is a low contrast image
  torch.sigmoid(outputs[0]).cpu().detach().numpy())
/home/mvries/DeepClusterConv/training_functions.py:379: UserWarning: /data/scratch/DBI/DUDBI/DYNCESYS/mvries/DeepClusterConv//reconstructed_img/pretrain_epoch98.tif is a low contrast image
  torch.sigmoid(outputs[0]).cpu().detach().numpy())
/home/mvries/DeepClusterConv/training_functions.py:379: UserWarning: /data/scratch/DBI/DUDBI/DYNCESYS/mvries/DeepClusterConv//reconstructed_img/pretrain_epoch117.tif is a low contrast image
  torch.sigmoid(outputs[0]).cpu().detach().numpy())
/home/mvries/DeepClusterConv/training_functions.py:379: UserWarning: /data/scratch/DBI/DUDBI/DYNCESYS/mvries/DeepClusterConv//reconstructed_img/pretrain_epoch122.tif is a low contrast image
  torch.sigmoid(outputs[0]).cpu().detach().numpy())
/home/mvries/DeepClusterConv/training_functions.py:379: UserWarning: /data/scratch/DBI/DUDBI/DYNCESYS/mvries/DeepClusterConv//reconstructed_img/pretrain_epoch129.tif is a low contrast image
  torch.sigmoid(outputs[0]).cpu().detach().numpy())
/home/mvries/DeepClusterConv/training_functions.py:379: UserWarning: /data/scratch/DBI/DUDBI/DYNCESYS/mvries/DeepClusterConv//reconstructed_img/pretrain_epoch132.tif is a low contrast image
  torch.sigmoid(outputs[0]).cpu().detach().numpy())
/home/mvries/DeepClusterConv/training_functions.py:379: UserWarning: /data/scratch/DBI/DUDBI/DYNCESYS/mvries/DeepClusterConv//reconstructed_img/pretrain_epoch158.tif is a low contrast image
  torch.sigmoid(outputs[0]).cpu().detach().numpy())
/home/mvries/DeepClusterConv/training_functions.py:379: UserWarning: /data/scratch/DBI/DUDBI/DYNCESYS/mvries/DeepClusterConv//reconstructed_img/pretrain_epoch171.tif is a low contrast image
  torch.sigmoid(outputs[0]).cpu().detach().numpy())
/home/mvries/DeepClusterConv/training_functions.py:379: UserWarning: /data/scratch/DBI/DUDBI/DYNCESYS/mvries/DeepClusterConv//reconstructed_img/pretrain_epoch183.tif is a low contrast image
  torch.sigmoid(outputs[0]).cpu().detach().numpy())
/home/mvries/DeepClusterConv/training_functions.py:379: UserWarning: /data/scratch/DBI/DUDBI/DYNCESYS/mvries/DeepClusterConv//reconstructed_img/pretrain_epoch184.tif is a low contrast image
  torch.sigmoid(outputs[0]).cpu().detach().numpy())
/home/mvries/DeepClusterConv/training_functions.py:379: UserWarning: /data/scratch/DBI/DUDBI/DYNCESYS/mvries/DeepClusterConv//reconstructed_img/pretrain_epoch196.tif is a low contrast image
  torch.sigmoid(outputs[0]).cpu().detach().numpy())
/home/mvries/DeepClusterConv/training_functions.py:379: UserWarning: /data/scratch/DBI/DUDBI/DYNCESYS/mvries/DeepClusterConv//reconstructed_img/pretrain_epoch197.tif is a low contrast image
  torch.sigmoid(outputs[0]).cpu().detach().numpy())
/home/mvries/DeepClusterConv/training_functions.py:379: UserWarning: /data/scratch/DBI/DUDBI/DYNCESYS/mvries/DeepClusterConv//reconstructed_img/pretrain_epoch206.tif is a low contrast image
  torch.sigmoid(outputs[0]).cpu().detach().numpy())
/home/mvries/DeepClusterConv/training_functions.py:379: UserWarning: /data/scratch/DBI/DUDBI/DYNCESYS/mvries/DeepClusterConv//reconstructed_img/pretrain_epoch221.tif is a low contrast image
  torch.sigmoid(outputs[0]).cpu().detach().numpy())
/home/mvries/DeepClusterConv/training_functions.py:379: UserWarning: /data/scratch/DBI/DUDBI/DYNCESYS/mvries/DeepClusterConv//reconstructed_img/pretrain_epoch224.tif is a low contrast image
  torch.sigmoid(outputs[0]).cpu().detach().numpy())
/home/mvries/DeepClusterConv/training_functions.py:379: UserWarning: /data/scratch/DBI/DUDBI/DYNCESYS/mvries/DeepClusterConv//reconstructed_img/pretrain_epoch243.tif is a low contrast image
  torch.sigmoid(outputs[0]).cpu().detach().numpy())
/home/mvries/DeepClusterConv/training_functions.py:379: UserWarning: /data/scratch/DBI/DUDBI/DYNCESYS/mvries/DeepClusterConv//reconstructed_img/pretrain_epoch257.tif is a low contrast image
  torch.sigmoid(outputs[0]).cpu().detach().numpy())
/home/mvries/DeepClusterConv/training_functions.py:379: UserWarning: /data/scratch/DBI/DUDBI/DYNCESYS/mvries/DeepClusterConv//reconstructed_img/pretrain_epoch258.tif is a low contrast image
  torch.sigmoid(outputs[0]).cpu().detach().numpy())
/home/mvries/DeepClusterConv/training_functions.py:379: UserWarning: /data/scratch/DBI/DUDBI/DYNCESYS/mvries/DeepClusterConv//reconstructed_img/pretrain_epoch267.tif is a low contrast image
  torch.sigmoid(outputs[0]).cpu().detach().numpy())
/home/mvries/DeepClusterConv/training_functions.py:379: UserWarning: /data/scratch/DBI/DUDBI/DYNCESYS/mvries/DeepClusterConv//reconstructed_img/pretrain_epoch271.tif is a low contrast image
  torch.sigmoid(outputs[0]).cpu().detach().numpy())
/home/mvries/.conda/envs/dcfn/lib/python3.7/site-packages/sklearn/utils/linear_assignment_.py:22: FutureWarning: The linear_assignment_ module is deprecated in 0.21 and will be removed from 0.23. Use scipy.optimize.linear_sum_assignment instead.
  FutureWarning)
/home/mvries/.conda/envs/dcfn/lib/python3.7/site-packages/sklearn/utils/linear_assignment_.py:128: FutureWarning: The linear_assignment function is deprecated in 0.21 and will be removed from 0.23. Use scipy.optimize.linear_sum_assignment instead.
  FutureWarning)
/home/mvries/.conda/envs/dcfn/lib/python3.7/site-packages/torch/optim/lr_scheduler.py:156: UserWarning: The epoch parameter in `scheduler.step()` was not necessary and is being deprecated where possible. Please use `scheduler.step()` to step the scheduler. During the deprecation, if epoch is different from None, the closed form is used instead of the new chainable form, where available. Please open an issue if you are unable to replicate your use case: https://github.com/pytorch/pytorch/issues/new/choose.
  warnings.warn(EPOCH_DEPRECATION_WARNING, UserWarning)
/home/mvries/.conda/envs/dcfn/lib/python3.7/site-packages/sklearn/utils/linear_assignment_.py:128: FutureWarning: The linear_assignment function is deprecated in 0.21 and will be removed from 0.23. Use scipy.optimize.linear_sum_assignment instead.
  FutureWarning)
/home/mvries/.conda/envs/dcfn/lib/python3.7/site-packages/torch/optim/lr_scheduler.py:156: UserWarning: The epoch parameter in `scheduler.step()` was not necessary and is being deprecated where possible. Please use `scheduler.step()` to step the scheduler. During the deprecation, if epoch is different from None, the closed form is used instead of the new chainable form, where available. Please open an issue if you are unable to replicate your use case: https://github.com/pytorch/pytorch/issues/new/choose.
  warnings.warn(EPOCH_DEPRECATION_WARNING, UserWarning)
/home/mvries/.conda/envs/dcfn/lib/python3.7/site-packages/sklearn/utils/linear_assignment_.py:128: FutureWarning: The linear_assignment function is deprecated in 0.21 and will be removed from 0.23. Use scipy.optimize.linear_sum_assignment instead.
  FutureWarning)
/home/mvries/.conda/envs/dcfn/lib/python3.7/site-packages/torch/optim/lr_scheduler.py:156: UserWarning: The epoch parameter in `scheduler.step()` was not necessary and is being deprecated where possible. Please use `scheduler.step()` to step the scheduler. During the deprecation, if epoch is different from None, the closed form is used instead of the new chainable form, where available. Please open an issue if you are unable to replicate your use case: https://github.com/pytorch/pytorch/issues/new/choose.
  warnings.warn(EPOCH_DEPRECATION_WARNING, UserWarning)
/home/mvries/.conda/envs/dcfn/lib/python3.7/site-packages/sklearn/utils/linear_assignment_.py:128: FutureWarning: The linear_assignment function is deprecated in 0.21 and will be removed from 0.23. Use scipy.optimize.linear_sum_assignment instead.
  FutureWarning)
/home/mvries/.conda/envs/dcfn/lib/python3.7/site-packages/torch/optim/lr_scheduler.py:156: UserWarning: The epoch parameter in `scheduler.step()` was not necessary and is being deprecated where possible. Please use `scheduler.step()` to step the scheduler. During the deprecation, if epoch is different from None, the closed form is used instead of the new chainable form, where available. Please open an issue if you are unable to replicate your use case: https://github.com/pytorch/pytorch/issues/new/choose.
  warnings.warn(EPOCH_DEPRECATION_WARNING, UserWarning)
/home/mvries/.conda/envs/dcfn/lib/python3.7/site-packages/sklearn/utils/linear_assignment_.py:128: FutureWarning: The linear_assignment function is deprecated in 0.21 and will be removed from 0.23. Use scipy.optimize.linear_sum_assignment instead.
  FutureWarning)
