/home/mvries/.conda/envs/dcfn/lib/python3.7/site-packages/torch/nn/_reduction.py:44: UserWarning: size_average and reduce args will be deprecated, please use reduction='sum' instead.
  warnings.warn(warning.format(ret))
Traceback (most recent call last):
  File "main.py", line 365, in <module>
    model = eval(to_eval)
  File "<string>", line 1
SyntaxError: positional argument follows keyword argument
/home/mvries/.conda/envs/dcfn/lib/python3.7/site-packages/torch/nn/_reduction.py:44: UserWarning: size_average and reduce args will be deprecated, please use reduction='sum' instead.
  warnings.warn(warning.format(ret))
Traceback (most recent call last):
  File "main.py", line 365, in <module>
    model = eval(to_eval)
  File "<string>", line 1
SyntaxError: positional argument follows keyword argument
/home/mvries/.conda/envs/dcfn/lib/python3.7/site-packages/torch/nn/_reduction.py:44: UserWarning: size_average and reduce args will be deprecated, please use reduction='sum' instead.
  warnings.warn(warning.format(ret))
Traceback (most recent call last):
  File "main.py", line 365, in <module>
    model = eval(to_eval)
  File "<string>", line 1
SyntaxError: positional argument follows keyword argument
/home/mvries/.conda/envs/dcfn/lib/python3.7/site-packages/torch/nn/_reduction.py:44: UserWarning: size_average and reduce args will be deprecated, please use reduction='sum' instead.
  warnings.warn(warning.format(ret))
Traceback (most recent call last):
  File "main.py", line 365, in <module>
    model = eval(to_eval)
  File "<string>", line 1
SyntaxError: positional argument follows keyword argument
/home/mvries/.conda/envs/dcfn/lib/python3.7/site-packages/torch/nn/_reduction.py:44: UserWarning: size_average and reduce args will be deprecated, please use reduction='sum' instead.
  warnings.warn(warning.format(ret))
Traceback (most recent call last):
  File "main.py", line 365, in <module>
    model = eval(to_eval)
  File "<string>", line 1
SyntaxError: positional argument follows keyword argument
/home/mvries/.conda/envs/dcfn/lib/python3.7/site-packages/torch/nn/_reduction.py:44: UserWarning: size_average and reduce args will be deprecated, please use reduction='sum' instead.
  warnings.warn(warning.format(ret))
Traceback (most recent call last):
  File "main.py", line 365, in <module>
    model = eval(to_eval)
  File "<string>", line 1
SyntaxError: positional argument follows keyword argument
