/home/mvries/.conda/envs/dcfn/lib/python3.7/site-packages/torch/nn/_reduction.py:44: UserWarning: size_average and reduce args will be deprecated, please use reduction='sum' instead.
  warnings.warn(warning.format(ret))
/home/mvries/DeepClusterConv/training_functions.py:580: UserWarning: /data/scratch/DBI/DUDBI/DYNCESYS/mvries/DeepClusterConv/SingleCellERK_128//reconstructed_img/ResNet_002/pretrain_epoch_true0.tif is a low contrast image
  torch.sigmoid(inputs[0]).cpu().detach().numpy())
/home/mvries/DeepClusterConv/training_functions.py:580: UserWarning: /data/scratch/DBI/DUDBI/DYNCESYS/mvries/DeepClusterConv/SingleCellERK_128//reconstructed_img/ResNet_002/pretrain_epoch_true1.tif is a low contrast image
  torch.sigmoid(inputs[0]).cpu().detach().numpy())
/home/mvries/DeepClusterConv/training_functions.py:580: UserWarning: /data/scratch/DBI/DUDBI/DYNCESYS/mvries/DeepClusterConv/SingleCellERK_128//reconstructed_img/ResNet_002/pretrain_epoch_true2.tif is a low contrast image
  torch.sigmoid(inputs[0]).cpu().detach().numpy())
/home/mvries/DeepClusterConv/training_functions.py:580: UserWarning: /data/scratch/DBI/DUDBI/DYNCESYS/mvries/DeepClusterConv/SingleCellERK_128//reconstructed_img/ResNet_002/pretrain_epoch_true3.tif is a low contrast image
  torch.sigmoid(inputs[0]).cpu().detach().numpy())
/home/mvries/DeepClusterConv/training_functions.py:580: UserWarning: /data/scratch/DBI/DUDBI/DYNCESYS/mvries/DeepClusterConv/SingleCellERK_128//reconstructed_img/ResNet_002/pretrain_epoch_true4.tif is a low contrast image
  torch.sigmoid(inputs[0]).cpu().detach().numpy())
/home/mvries/DeepClusterConv/training_functions.py:580: UserWarning: /data/scratch/DBI/DUDBI/DYNCESYS/mvries/DeepClusterConv/SingleCellERK_128//reconstructed_img/ResNet_002/pretrain_epoch_true5.tif is a low contrast image
  torch.sigmoid(inputs[0]).cpu().detach().numpy())
/home/mvries/DeepClusterConv/training_functions.py:580: UserWarning: /data/scratch/DBI/DUDBI/DYNCESYS/mvries/DeepClusterConv/SingleCellERK_128//reconstructed_img/ResNet_002/pretrain_epoch_true6.tif is a low contrast image
  torch.sigmoid(inputs[0]).cpu().detach().numpy())
/home/mvries/DeepClusterConv/training_functions.py:580: UserWarning: /data/scratch/DBI/DUDBI/DYNCESYS/mvries/DeepClusterConv/SingleCellERK_128//reconstructed_img/ResNet_002/pretrain_epoch_true7.tif is a low contrast image
  torch.sigmoid(inputs[0]).cpu().detach().numpy())
/home/mvries/DeepClusterConv/training_functions.py:580: UserWarning: /data/scratch/DBI/DUDBI/DYNCESYS/mvries/DeepClusterConv/SingleCellERK_128//reconstructed_img/ResNet_002/pretrain_epoch_true9.tif is a low contrast image
  torch.sigmoid(inputs[0]).cpu().detach().numpy())
/home/mvries/DeepClusterConv/training_functions.py:580: UserWarning: /data/scratch/DBI/DUDBI/DYNCESYS/mvries/DeepClusterConv/SingleCellERK_128//reconstructed_img/ResNet_002/pretrain_epoch_true10.tif is a low contrast image
  torch.sigmoid(inputs[0]).cpu().detach().numpy())
/home/mvries/DeepClusterConv/training_functions.py:580: UserWarning: /data/scratch/DBI/DUDBI/DYNCESYS/mvries/DeepClusterConv/SingleCellERK_128//reconstructed_img/ResNet_002/pretrain_epoch_true11.tif is a low contrast image
  torch.sigmoid(inputs[0]).cpu().detach().numpy())
/home/mvries/DeepClusterConv/training_functions.py:578: UserWarning: /data/scratch/DBI/DUDBI/DYNCESYS/mvries/DeepClusterConv/SingleCellERK_128//reconstructed_img/ResNet_002/pretrain_epoch_pred12.tif is a low contrast image
  torch.sigmoid(outputs[0]).cpu().detach().numpy())
/home/mvries/DeepClusterConv/training_functions.py:580: UserWarning: /data/scratch/DBI/DUDBI/DYNCESYS/mvries/DeepClusterConv/SingleCellERK_128//reconstructed_img/ResNet_002/pretrain_epoch_true12.tif is a low contrast image
  torch.sigmoid(inputs[0]).cpu().detach().numpy())
/home/mvries/DeepClusterConv/training_functions.py:578: UserWarning: /data/scratch/DBI/DUDBI/DYNCESYS/mvries/DeepClusterConv/SingleCellERK_128//reconstructed_img/ResNet_002/pretrain_epoch_pred13.tif is a low contrast image
  torch.sigmoid(outputs[0]).cpu().detach().numpy())
/home/mvries/DeepClusterConv/training_functions.py:580: UserWarning: /data/scratch/DBI/DUDBI/DYNCESYS/mvries/DeepClusterConv/SingleCellERK_128//reconstructed_img/ResNet_002/pretrain_epoch_true13.tif is a low contrast image
  torch.sigmoid(inputs[0]).cpu().detach().numpy())
/home/mvries/DeepClusterConv/training_functions.py:578: UserWarning: /data/scratch/DBI/DUDBI/DYNCESYS/mvries/DeepClusterConv/SingleCellERK_128//reconstructed_img/ResNet_002/pretrain_epoch_pred14.tif is a low contrast image
  torch.sigmoid(outputs[0]).cpu().detach().numpy())
/home/mvries/DeepClusterConv/training_functions.py:580: UserWarning: /data/scratch/DBI/DUDBI/DYNCESYS/mvries/DeepClusterConv/SingleCellERK_128//reconstructed_img/ResNet_002/pretrain_epoch_true14.tif is a low contrast image
  torch.sigmoid(inputs[0]).cpu().detach().numpy())
/home/mvries/DeepClusterConv/training_functions.py:580: UserWarning: /data/scratch/DBI/DUDBI/DYNCESYS/mvries/DeepClusterConv/SingleCellERK_128//reconstructed_img/ResNet_002/pretrain_epoch_true15.tif is a low contrast image
  torch.sigmoid(inputs[0]).cpu().detach().numpy())
/home/mvries/DeepClusterConv/training_functions.py:578: UserWarning: /data/scratch/DBI/DUDBI/DYNCESYS/mvries/DeepClusterConv/SingleCellERK_128//reconstructed_img/ResNet_002/pretrain_epoch_pred16.tif is a low contrast image
  torch.sigmoid(outputs[0]).cpu().detach().numpy())
/home/mvries/DeepClusterConv/training_functions.py:580: UserWarning: /data/scratch/DBI/DUDBI/DYNCESYS/mvries/DeepClusterConv/SingleCellERK_128//reconstructed_img/ResNet_002/pretrain_epoch_true16.tif is a low contrast image
  torch.sigmoid(inputs[0]).cpu().detach().numpy())
/home/mvries/DeepClusterConv/training_functions.py:578: UserWarning: /data/scratch/DBI/DUDBI/DYNCESYS/mvries/DeepClusterConv/SingleCellERK_128//reconstructed_img/ResNet_002/pretrain_epoch_pred17.tif is a low contrast image
  torch.sigmoid(outputs[0]).cpu().detach().numpy())
/home/mvries/DeepClusterConv/training_functions.py:580: UserWarning: /data/scratch/DBI/DUDBI/DYNCESYS/mvries/DeepClusterConv/SingleCellERK_128//reconstructed_img/ResNet_002/pretrain_epoch_true17.tif is a low contrast image
  torch.sigmoid(inputs[0]).cpu().detach().numpy())
/home/mvries/DeepClusterConv/training_functions.py:578: UserWarning: /data/scratch/DBI/DUDBI/DYNCESYS/mvries/DeepClusterConv/SingleCellERK_128//reconstructed_img/ResNet_002/pretrain_epoch_pred18.tif is a low contrast image
  torch.sigmoid(outputs[0]).cpu().detach().numpy())
/home/mvries/DeepClusterConv/training_functions.py:580: UserWarning: /data/scratch/DBI/DUDBI/DYNCESYS/mvries/DeepClusterConv/SingleCellERK_128//reconstructed_img/ResNet_002/pretrain_epoch_true18.tif is a low contrast image
  torch.sigmoid(inputs[0]).cpu().detach().numpy())
/home/mvries/DeepClusterConv/training_functions.py:578: UserWarning: /data/scratch/DBI/DUDBI/DYNCESYS/mvries/DeepClusterConv/SingleCellERK_128//reconstructed_img/ResNet_002/pretrain_epoch_pred19.tif is a low contrast image
  torch.sigmoid(outputs[0]).cpu().detach().numpy())
/home/mvries/DeepClusterConv/training_functions.py:580: UserWarning: /data/scratch/DBI/DUDBI/DYNCESYS/mvries/DeepClusterConv/SingleCellERK_128//reconstructed_img/ResNet_002/pretrain_epoch_true19.tif is a low contrast image
  torch.sigmoid(inputs[0]).cpu().detach().numpy())
/home/mvries/DeepClusterConv/training_functions.py:578: UserWarning: /data/scratch/DBI/DUDBI/DYNCESYS/mvries/DeepClusterConv/SingleCellERK_128//reconstructed_img/ResNet_002/pretrain_epoch_pred20.tif is a low contrast image
  torch.sigmoid(outputs[0]).cpu().detach().numpy())
/home/mvries/DeepClusterConv/training_functions.py:580: UserWarning: /data/scratch/DBI/DUDBI/DYNCESYS/mvries/DeepClusterConv/SingleCellERK_128//reconstructed_img/ResNet_002/pretrain_epoch_true20.tif is a low contrast image
  torch.sigmoid(inputs[0]).cpu().detach().numpy())
/home/mvries/DeepClusterConv/training_functions.py:578: UserWarning: /data/scratch/DBI/DUDBI/DYNCESYS/mvries/DeepClusterConv/SingleCellERK_128//reconstructed_img/ResNet_002/pretrain_epoch_pred21.tif is a low contrast image
  torch.sigmoid(outputs[0]).cpu().detach().numpy())
/home/mvries/DeepClusterConv/training_functions.py:580: UserWarning: /data/scratch/DBI/DUDBI/DYNCESYS/mvries/DeepClusterConv/SingleCellERK_128//reconstructed_img/ResNet_002/pretrain_epoch_true21.tif is a low contrast image
  torch.sigmoid(inputs[0]).cpu().detach().numpy())
/home/mvries/DeepClusterConv/training_functions.py:578: UserWarning: /data/scratch/DBI/DUDBI/DYNCESYS/mvries/DeepClusterConv/SingleCellERK_128//reconstructed_img/ResNet_002/pretrain_epoch_pred22.tif is a low contrast image
  torch.sigmoid(outputs[0]).cpu().detach().numpy())
/home/mvries/DeepClusterConv/training_functions.py:580: UserWarning: /data/scratch/DBI/DUDBI/DYNCESYS/mvries/DeepClusterConv/SingleCellERK_128//reconstructed_img/ResNet_002/pretrain_epoch_true22.tif is a low contrast image
  torch.sigmoid(inputs[0]).cpu().detach().numpy())
/home/mvries/DeepClusterConv/training_functions.py:578: UserWarning: /data/scratch/DBI/DUDBI/DYNCESYS/mvries/DeepClusterConv/SingleCellERK_128//reconstructed_img/ResNet_002/pretrain_epoch_pred24.tif is a low contrast image
  torch.sigmoid(outputs[0]).cpu().detach().numpy())
/home/mvries/DeepClusterConv/training_functions.py:580: UserWarning: /data/scratch/DBI/DUDBI/DYNCESYS/mvries/DeepClusterConv/SingleCellERK_128//reconstructed_img/ResNet_002/pretrain_epoch_true24.tif is a low contrast image
  torch.sigmoid(inputs[0]).cpu().detach().numpy())
/home/mvries/DeepClusterConv/training_functions.py:578: UserWarning: /data/scratch/DBI/DUDBI/DYNCESYS/mvries/DeepClusterConv/SingleCellERK_128//reconstructed_img/ResNet_002/pretrain_epoch_pred25.tif is a low contrast image
  torch.sigmoid(outputs[0]).cpu().detach().numpy())
/home/mvries/DeepClusterConv/training_functions.py:580: UserWarning: /data/scratch/DBI/DUDBI/DYNCESYS/mvries/DeepClusterConv/SingleCellERK_128//reconstructed_img/ResNet_002/pretrain_epoch_true25.tif is a low contrast image
  torch.sigmoid(inputs[0]).cpu().detach().numpy())
/home/mvries/DeepClusterConv/training_functions.py:578: UserWarning: /data/scratch/DBI/DUDBI/DYNCESYS/mvries/DeepClusterConv/SingleCellERK_128//reconstructed_img/ResNet_002/pretrain_epoch_pred27.tif is a low contrast image
  torch.sigmoid(outputs[0]).cpu().detach().numpy())
/home/mvries/DeepClusterConv/training_functions.py:580: UserWarning: /data/scratch/DBI/DUDBI/DYNCESYS/mvries/DeepClusterConv/SingleCellERK_128//reconstructed_img/ResNet_002/pretrain_epoch_true27.tif is a low contrast image
  torch.sigmoid(inputs[0]).cpu().detach().numpy())
/home/mvries/DeepClusterConv/training_functions.py:578: UserWarning: /data/scratch/DBI/DUDBI/DYNCESYS/mvries/DeepClusterConv/SingleCellERK_128//reconstructed_img/ResNet_002/pretrain_epoch_pred28.tif is a low contrast image
  torch.sigmoid(outputs[0]).cpu().detach().numpy())
/home/mvries/DeepClusterConv/training_functions.py:580: UserWarning: /data/scratch/DBI/DUDBI/DYNCESYS/mvries/DeepClusterConv/SingleCellERK_128//reconstructed_img/ResNet_002/pretrain_epoch_true28.tif is a low contrast image
  torch.sigmoid(inputs[0]).cpu().detach().numpy())
/home/mvries/DeepClusterConv/training_functions.py:578: UserWarning: /data/scratch/DBI/DUDBI/DYNCESYS/mvries/DeepClusterConv/SingleCellERK_128//reconstructed_img/ResNet_002/pretrain_epoch_pred29.tif is a low contrast image
  torch.sigmoid(outputs[0]).cpu().detach().numpy())
/home/mvries/DeepClusterConv/training_functions.py:580: UserWarning: /data/scratch/DBI/DUDBI/DYNCESYS/mvries/DeepClusterConv/SingleCellERK_128//reconstructed_img/ResNet_002/pretrain_epoch_true29.tif is a low contrast image
  torch.sigmoid(inputs[0]).cpu().detach().numpy())
/home/mvries/DeepClusterConv/training_functions.py:580: UserWarning: /data/scratch/DBI/DUDBI/DYNCESYS/mvries/DeepClusterConv/SingleCellERK_128//reconstructed_img/ResNet_002/pretrain_epoch_true30.tif is a low contrast image
  torch.sigmoid(inputs[0]).cpu().detach().numpy())
/home/mvries/DeepClusterConv/training_functions.py:578: UserWarning: /data/scratch/DBI/DUDBI/DYNCESYS/mvries/DeepClusterConv/SingleCellERK_128//reconstructed_img/ResNet_002/pretrain_epoch_pred31.tif is a low contrast image
  torch.sigmoid(outputs[0]).cpu().detach().numpy())
/home/mvries/DeepClusterConv/training_functions.py:580: UserWarning: /data/scratch/DBI/DUDBI/DYNCESYS/mvries/DeepClusterConv/SingleCellERK_128//reconstructed_img/ResNet_002/pretrain_epoch_true31.tif is a low contrast image
  torch.sigmoid(inputs[0]).cpu().detach().numpy())
/home/mvries/DeepClusterConv/training_functions.py:578: UserWarning: /data/scratch/DBI/DUDBI/DYNCESYS/mvries/DeepClusterConv/SingleCellERK_128//reconstructed_img/ResNet_002/pretrain_epoch_pred32.tif is a low contrast image
  torch.sigmoid(outputs[0]).cpu().detach().numpy())
/home/mvries/DeepClusterConv/training_functions.py:580: UserWarning: /data/scratch/DBI/DUDBI/DYNCESYS/mvries/DeepClusterConv/SingleCellERK_128//reconstructed_img/ResNet_002/pretrain_epoch_true32.tif is a low contrast image
  torch.sigmoid(inputs[0]).cpu().detach().numpy())
/home/mvries/DeepClusterConv/training_functions.py:578: UserWarning: /data/scratch/DBI/DUDBI/DYNCESYS/mvries/DeepClusterConv/SingleCellERK_128//reconstructed_img/ResNet_002/pretrain_epoch_pred33.tif is a low contrast image
  torch.sigmoid(outputs[0]).cpu().detach().numpy())
/home/mvries/DeepClusterConv/training_functions.py:580: UserWarning: /data/scratch/DBI/DUDBI/DYNCESYS/mvries/DeepClusterConv/SingleCellERK_128//reconstructed_img/ResNet_002/pretrain_epoch_true33.tif is a low contrast image
  torch.sigmoid(inputs[0]).cpu().detach().numpy())
/home/mvries/DeepClusterConv/training_functions.py:578: UserWarning: /data/scratch/DBI/DUDBI/DYNCESYS/mvries/DeepClusterConv/SingleCellERK_128//reconstructed_img/ResNet_002/pretrain_epoch_pred34.tif is a low contrast image
  torch.sigmoid(outputs[0]).cpu().detach().numpy())
/home/mvries/DeepClusterConv/training_functions.py:580: UserWarning: /data/scratch/DBI/DUDBI/DYNCESYS/mvries/DeepClusterConv/SingleCellERK_128//reconstructed_img/ResNet_002/pretrain_epoch_true34.tif is a low contrast image
  torch.sigmoid(inputs[0]).cpu().detach().numpy())
/home/mvries/DeepClusterConv/training_functions.py:578: UserWarning: /data/scratch/DBI/DUDBI/DYNCESYS/mvries/DeepClusterConv/SingleCellERK_128//reconstructed_img/ResNet_002/pretrain_epoch_pred35.tif is a low contrast image
  torch.sigmoid(outputs[0]).cpu().detach().numpy())
/home/mvries/DeepClusterConv/training_functions.py:580: UserWarning: /data/scratch/DBI/DUDBI/DYNCESYS/mvries/DeepClusterConv/SingleCellERK_128//reconstructed_img/ResNet_002/pretrain_epoch_true35.tif is a low contrast image
  torch.sigmoid(inputs[0]).cpu().detach().numpy())
/home/mvries/DeepClusterConv/training_functions.py:578: UserWarning: /data/scratch/DBI/DUDBI/DYNCESYS/mvries/DeepClusterConv/SingleCellERK_128//reconstructed_img/ResNet_002/pretrain_epoch_pred36.tif is a low contrast image
  torch.sigmoid(outputs[0]).cpu().detach().numpy())
/home/mvries/DeepClusterConv/training_functions.py:580: UserWarning: /data/scratch/DBI/DUDBI/DYNCESYS/mvries/DeepClusterConv/SingleCellERK_128//reconstructed_img/ResNet_002/pretrain_epoch_true36.tif is a low contrast image
  torch.sigmoid(inputs[0]).cpu().detach().numpy())
/home/mvries/DeepClusterConv/training_functions.py:578: UserWarning: /data/scratch/DBI/DUDBI/DYNCESYS/mvries/DeepClusterConv/SingleCellERK_128//reconstructed_img/ResNet_002/pretrain_epoch_pred37.tif is a low contrast image
  torch.sigmoid(outputs[0]).cpu().detach().numpy())
/home/mvries/DeepClusterConv/training_functions.py:580: UserWarning: /data/scratch/DBI/DUDBI/DYNCESYS/mvries/DeepClusterConv/SingleCellERK_128//reconstructed_img/ResNet_002/pretrain_epoch_true37.tif is a low contrast image
  torch.sigmoid(inputs[0]).cpu().detach().numpy())
/home/mvries/DeepClusterConv/training_functions.py:578: UserWarning: /data/scratch/DBI/DUDBI/DYNCESYS/mvries/DeepClusterConv/SingleCellERK_128//reconstructed_img/ResNet_002/pretrain_epoch_pred38.tif is a low contrast image
  torch.sigmoid(outputs[0]).cpu().detach().numpy())
/home/mvries/DeepClusterConv/training_functions.py:580: UserWarning: /data/scratch/DBI/DUDBI/DYNCESYS/mvries/DeepClusterConv/SingleCellERK_128//reconstructed_img/ResNet_002/pretrain_epoch_true38.tif is a low contrast image
  torch.sigmoid(inputs[0]).cpu().detach().numpy())
/home/mvries/DeepClusterConv/training_functions.py:578: UserWarning: /data/scratch/DBI/DUDBI/DYNCESYS/mvries/DeepClusterConv/SingleCellERK_128//reconstructed_img/ResNet_002/pretrain_epoch_pred39.tif is a low contrast image
  torch.sigmoid(outputs[0]).cpu().detach().numpy())
/home/mvries/DeepClusterConv/training_functions.py:580: UserWarning: /data/scratch/DBI/DUDBI/DYNCESYS/mvries/DeepClusterConv/SingleCellERK_128//reconstructed_img/ResNet_002/pretrain_epoch_true39.tif is a low contrast image
  torch.sigmoid(inputs[0]).cpu().detach().numpy())
/home/mvries/DeepClusterConv/training_functions.py:578: UserWarning: /data/scratch/DBI/DUDBI/DYNCESYS/mvries/DeepClusterConv/SingleCellERK_128//reconstructed_img/ResNet_002/pretrain_epoch_pred40.tif is a low contrast image
  torch.sigmoid(outputs[0]).cpu().detach().numpy())
/home/mvries/DeepClusterConv/training_functions.py:580: UserWarning: /data/scratch/DBI/DUDBI/DYNCESYS/mvries/DeepClusterConv/SingleCellERK_128//reconstructed_img/ResNet_002/pretrain_epoch_true40.tif is a low contrast image
  torch.sigmoid(inputs[0]).cpu().detach().numpy())
/home/mvries/DeepClusterConv/training_functions.py:578: UserWarning: /data/scratch/DBI/DUDBI/DYNCESYS/mvries/DeepClusterConv/SingleCellERK_128//reconstructed_img/ResNet_002/pretrain_epoch_pred41.tif is a low contrast image
  torch.sigmoid(outputs[0]).cpu().detach().numpy())
/home/mvries/DeepClusterConv/training_functions.py:580: UserWarning: /data/scratch/DBI/DUDBI/DYNCESYS/mvries/DeepClusterConv/SingleCellERK_128//reconstructed_img/ResNet_002/pretrain_epoch_true41.tif is a low contrast image
  torch.sigmoid(inputs[0]).cpu().detach().numpy())
/home/mvries/DeepClusterConv/training_functions.py:578: UserWarning: /data/scratch/DBI/DUDBI/DYNCESYS/mvries/DeepClusterConv/SingleCellERK_128//reconstructed_img/ResNet_002/pretrain_epoch_pred42.tif is a low contrast image
  torch.sigmoid(outputs[0]).cpu().detach().numpy())
/home/mvries/DeepClusterConv/training_functions.py:580: UserWarning: /data/scratch/DBI/DUDBI/DYNCESYS/mvries/DeepClusterConv/SingleCellERK_128//reconstructed_img/ResNet_002/pretrain_epoch_true42.tif is a low contrast image
  torch.sigmoid(inputs[0]).cpu().detach().numpy())
/home/mvries/DeepClusterConv/training_functions.py:578: UserWarning: /data/scratch/DBI/DUDBI/DYNCESYS/mvries/DeepClusterConv/SingleCellERK_128//reconstructed_img/ResNet_002/pretrain_epoch_pred43.tif is a low contrast image
  torch.sigmoid(outputs[0]).cpu().detach().numpy())
/home/mvries/DeepClusterConv/training_functions.py:580: UserWarning: /data/scratch/DBI/DUDBI/DYNCESYS/mvries/DeepClusterConv/SingleCellERK_128//reconstructed_img/ResNet_002/pretrain_epoch_true43.tif is a low contrast image
  torch.sigmoid(inputs[0]).cpu().detach().numpy())
/home/mvries/DeepClusterConv/training_functions.py:578: UserWarning: /data/scratch/DBI/DUDBI/DYNCESYS/mvries/DeepClusterConv/SingleCellERK_128//reconstructed_img/ResNet_002/pretrain_epoch_pred44.tif is a low contrast image
  torch.sigmoid(outputs[0]).cpu().detach().numpy())
/home/mvries/DeepClusterConv/training_functions.py:580: UserWarning: /data/scratch/DBI/DUDBI/DYNCESYS/mvries/DeepClusterConv/SingleCellERK_128//reconstructed_img/ResNet_002/pretrain_epoch_true44.tif is a low contrast image
  torch.sigmoid(inputs[0]).cpu().detach().numpy())
/home/mvries/DeepClusterConv/training_functions.py:580: UserWarning: /data/scratch/DBI/DUDBI/DYNCESYS/mvries/DeepClusterConv/SingleCellERK_128//reconstructed_img/ResNet_002/pretrain_epoch_true45.tif is a low contrast image
  torch.sigmoid(inputs[0]).cpu().detach().numpy())
/home/mvries/DeepClusterConv/training_functions.py:580: UserWarning: /data/scratch/DBI/DUDBI/DYNCESYS/mvries/DeepClusterConv/SingleCellERK_128//reconstructed_img/ResNet_002/pretrain_epoch_true46.tif is a low contrast image
  torch.sigmoid(inputs[0]).cpu().detach().numpy())
/home/mvries/DeepClusterConv/training_functions.py:578: UserWarning: /data/scratch/DBI/DUDBI/DYNCESYS/mvries/DeepClusterConv/SingleCellERK_128//reconstructed_img/ResNet_002/pretrain_epoch_pred47.tif is a low contrast image
  torch.sigmoid(outputs[0]).cpu().detach().numpy())
/home/mvries/DeepClusterConv/training_functions.py:580: UserWarning: /data/scratch/DBI/DUDBI/DYNCESYS/mvries/DeepClusterConv/SingleCellERK_128//reconstructed_img/ResNet_002/pretrain_epoch_true47.tif is a low contrast image
  torch.sigmoid(inputs[0]).cpu().detach().numpy())
/home/mvries/DeepClusterConv/training_functions.py:578: UserWarning: /data/scratch/DBI/DUDBI/DYNCESYS/mvries/DeepClusterConv/SingleCellERK_128//reconstructed_img/ResNet_002/pretrain_epoch_pred48.tif is a low contrast image
  torch.sigmoid(outputs[0]).cpu().detach().numpy())
/home/mvries/DeepClusterConv/training_functions.py:580: UserWarning: /data/scratch/DBI/DUDBI/DYNCESYS/mvries/DeepClusterConv/SingleCellERK_128//reconstructed_img/ResNet_002/pretrain_epoch_true48.tif is a low contrast image
  torch.sigmoid(inputs[0]).cpu().detach().numpy())
/home/mvries/DeepClusterConv/training_functions.py:578: UserWarning: /data/scratch/DBI/DUDBI/DYNCESYS/mvries/DeepClusterConv/SingleCellERK_128//reconstructed_img/ResNet_002/pretrain_epoch_pred49.tif is a low contrast image
  torch.sigmoid(outputs[0]).cpu().detach().numpy())
/home/mvries/DeepClusterConv/training_functions.py:580: UserWarning: /data/scratch/DBI/DUDBI/DYNCESYS/mvries/DeepClusterConv/SingleCellERK_128//reconstructed_img/ResNet_002/pretrain_epoch_true49.tif is a low contrast image
  torch.sigmoid(inputs[0]).cpu().detach().numpy())
/home/mvries/DeepClusterConv/training_functions.py:578: UserWarning: /data/scratch/DBI/DUDBI/DYNCESYS/mvries/DeepClusterConv/SingleCellERK_128//reconstructed_img/ResNet_002/pretrain_epoch_pred50.tif is a low contrast image
  torch.sigmoid(outputs[0]).cpu().detach().numpy())
/home/mvries/DeepClusterConv/training_functions.py:580: UserWarning: /data/scratch/DBI/DUDBI/DYNCESYS/mvries/DeepClusterConv/SingleCellERK_128//reconstructed_img/ResNet_002/pretrain_epoch_true50.tif is a low contrast image
  torch.sigmoid(inputs[0]).cpu().detach().numpy())
/home/mvries/DeepClusterConv/training_functions.py:578: UserWarning: /data/scratch/DBI/DUDBI/DYNCESYS/mvries/DeepClusterConv/SingleCellERK_128//reconstructed_img/ResNet_002/pretrain_epoch_pred51.tif is a low contrast image
  torch.sigmoid(outputs[0]).cpu().detach().numpy())
/home/mvries/DeepClusterConv/training_functions.py:580: UserWarning: /data/scratch/DBI/DUDBI/DYNCESYS/mvries/DeepClusterConv/SingleCellERK_128//reconstructed_img/ResNet_002/pretrain_epoch_true51.tif is a low contrast image
  torch.sigmoid(inputs[0]).cpu().detach().numpy())
/home/mvries/DeepClusterConv/training_functions.py:578: UserWarning: /data/scratch/DBI/DUDBI/DYNCESYS/mvries/DeepClusterConv/SingleCellERK_128//reconstructed_img/ResNet_002/pretrain_epoch_pred52.tif is a low contrast image
  torch.sigmoid(outputs[0]).cpu().detach().numpy())
/home/mvries/DeepClusterConv/training_functions.py:580: UserWarning: /data/scratch/DBI/DUDBI/DYNCESYS/mvries/DeepClusterConv/SingleCellERK_128//reconstructed_img/ResNet_002/pretrain_epoch_true52.tif is a low contrast image
  torch.sigmoid(inputs[0]).cpu().detach().numpy())
/home/mvries/DeepClusterConv/training_functions.py:578: UserWarning: /data/scratch/DBI/DUDBI/DYNCESYS/mvries/DeepClusterConv/SingleCellERK_128//reconstructed_img/ResNet_002/pretrain_epoch_pred53.tif is a low contrast image
  torch.sigmoid(outputs[0]).cpu().detach().numpy())
/home/mvries/DeepClusterConv/training_functions.py:580: UserWarning: /data/scratch/DBI/DUDBI/DYNCESYS/mvries/DeepClusterConv/SingleCellERK_128//reconstructed_img/ResNet_002/pretrain_epoch_true53.tif is a low contrast image
  torch.sigmoid(inputs[0]).cpu().detach().numpy())
/home/mvries/DeepClusterConv/training_functions.py:578: UserWarning: /data/scratch/DBI/DUDBI/DYNCESYS/mvries/DeepClusterConv/SingleCellERK_128//reconstructed_img/ResNet_002/pretrain_epoch_pred54.tif is a low contrast image
  torch.sigmoid(outputs[0]).cpu().detach().numpy())
/home/mvries/DeepClusterConv/training_functions.py:580: UserWarning: /data/scratch/DBI/DUDBI/DYNCESYS/mvries/DeepClusterConv/SingleCellERK_128//reconstructed_img/ResNet_002/pretrain_epoch_true54.tif is a low contrast image
  torch.sigmoid(inputs[0]).cpu().detach().numpy())
/home/mvries/DeepClusterConv/training_functions.py:578: UserWarning: /data/scratch/DBI/DUDBI/DYNCESYS/mvries/DeepClusterConv/SingleCellERK_128//reconstructed_img/ResNet_002/pretrain_epoch_pred55.tif is a low contrast image
  torch.sigmoid(outputs[0]).cpu().detach().numpy())
/home/mvries/DeepClusterConv/training_functions.py:580: UserWarning: /data/scratch/DBI/DUDBI/DYNCESYS/mvries/DeepClusterConv/SingleCellERK_128//reconstructed_img/ResNet_002/pretrain_epoch_true55.tif is a low contrast image
  torch.sigmoid(inputs[0]).cpu().detach().numpy())
/home/mvries/DeepClusterConv/training_functions.py:578: UserWarning: /data/scratch/DBI/DUDBI/DYNCESYS/mvries/DeepClusterConv/SingleCellERK_128//reconstructed_img/ResNet_002/pretrain_epoch_pred56.tif is a low contrast image
  torch.sigmoid(outputs[0]).cpu().detach().numpy())
/home/mvries/DeepClusterConv/training_functions.py:580: UserWarning: /data/scratch/DBI/DUDBI/DYNCESYS/mvries/DeepClusterConv/SingleCellERK_128//reconstructed_img/ResNet_002/pretrain_epoch_true56.tif is a low contrast image
  torch.sigmoid(inputs[0]).cpu().detach().numpy())
/home/mvries/DeepClusterConv/training_functions.py:578: UserWarning: /data/scratch/DBI/DUDBI/DYNCESYS/mvries/DeepClusterConv/SingleCellERK_128//reconstructed_img/ResNet_002/pretrain_epoch_pred57.tif is a low contrast image
  torch.sigmoid(outputs[0]).cpu().detach().numpy())
/home/mvries/DeepClusterConv/training_functions.py:580: UserWarning: /data/scratch/DBI/DUDBI/DYNCESYS/mvries/DeepClusterConv/SingleCellERK_128//reconstructed_img/ResNet_002/pretrain_epoch_true57.tif is a low contrast image
  torch.sigmoid(inputs[0]).cpu().detach().numpy())
/home/mvries/DeepClusterConv/training_functions.py:578: UserWarning: /data/scratch/DBI/DUDBI/DYNCESYS/mvries/DeepClusterConv/SingleCellERK_128//reconstructed_img/ResNet_002/pretrain_epoch_pred58.tif is a low contrast image
  torch.sigmoid(outputs[0]).cpu().detach().numpy())
/home/mvries/DeepClusterConv/training_functions.py:580: UserWarning: /data/scratch/DBI/DUDBI/DYNCESYS/mvries/DeepClusterConv/SingleCellERK_128//reconstructed_img/ResNet_002/pretrain_epoch_true58.tif is a low contrast image
  torch.sigmoid(inputs[0]).cpu().detach().numpy())
/home/mvries/DeepClusterConv/training_functions.py:578: UserWarning: /data/scratch/DBI/DUDBI/DYNCESYS/mvries/DeepClusterConv/SingleCellERK_128//reconstructed_img/ResNet_002/pretrain_epoch_pred59.tif is a low contrast image
  torch.sigmoid(outputs[0]).cpu().detach().numpy())
/home/mvries/DeepClusterConv/training_functions.py:580: UserWarning: /data/scratch/DBI/DUDBI/DYNCESYS/mvries/DeepClusterConv/SingleCellERK_128//reconstructed_img/ResNet_002/pretrain_epoch_true59.tif is a low contrast image
  torch.sigmoid(inputs[0]).cpu().detach().numpy())
/home/mvries/DeepClusterConv/training_functions.py:578: UserWarning: /data/scratch/DBI/DUDBI/DYNCESYS/mvries/DeepClusterConv/SingleCellERK_128//reconstructed_img/ResNet_002/pretrain_epoch_pred60.tif is a low contrast image
  torch.sigmoid(outputs[0]).cpu().detach().numpy())
/home/mvries/DeepClusterConv/training_functions.py:580: UserWarning: /data/scratch/DBI/DUDBI/DYNCESYS/mvries/DeepClusterConv/SingleCellERK_128//reconstructed_img/ResNet_002/pretrain_epoch_true60.tif is a low contrast image
  torch.sigmoid(inputs[0]).cpu().detach().numpy())
/home/mvries/DeepClusterConv/training_functions.py:578: UserWarning: /data/scratch/DBI/DUDBI/DYNCESYS/mvries/DeepClusterConv/SingleCellERK_128//reconstructed_img/ResNet_002/pretrain_epoch_pred61.tif is a low contrast image
  torch.sigmoid(outputs[0]).cpu().detach().numpy())
/home/mvries/DeepClusterConv/training_functions.py:580: UserWarning: /data/scratch/DBI/DUDBI/DYNCESYS/mvries/DeepClusterConv/SingleCellERK_128//reconstructed_img/ResNet_002/pretrain_epoch_true61.tif is a low contrast image
  torch.sigmoid(inputs[0]).cpu().detach().numpy())
/home/mvries/DeepClusterConv/training_functions.py:578: UserWarning: /data/scratch/DBI/DUDBI/DYNCESYS/mvries/DeepClusterConv/SingleCellERK_128//reconstructed_img/ResNet_002/pretrain_epoch_pred62.tif is a low contrast image
  torch.sigmoid(outputs[0]).cpu().detach().numpy())
/home/mvries/DeepClusterConv/training_functions.py:580: UserWarning: /data/scratch/DBI/DUDBI/DYNCESYS/mvries/DeepClusterConv/SingleCellERK_128//reconstructed_img/ResNet_002/pretrain_epoch_true62.tif is a low contrast image
  torch.sigmoid(inputs[0]).cpu().detach().numpy())
/home/mvries/DeepClusterConv/training_functions.py:578: UserWarning: /data/scratch/DBI/DUDBI/DYNCESYS/mvries/DeepClusterConv/SingleCellERK_128//reconstructed_img/ResNet_002/pretrain_epoch_pred63.tif is a low contrast image
  torch.sigmoid(outputs[0]).cpu().detach().numpy())
/home/mvries/DeepClusterConv/training_functions.py:580: UserWarning: /data/scratch/DBI/DUDBI/DYNCESYS/mvries/DeepClusterConv/SingleCellERK_128//reconstructed_img/ResNet_002/pretrain_epoch_true63.tif is a low contrast image
  torch.sigmoid(inputs[0]).cpu().detach().numpy())
/home/mvries/DeepClusterConv/training_functions.py:578: UserWarning: /data/scratch/DBI/DUDBI/DYNCESYS/mvries/DeepClusterConv/SingleCellERK_128//reconstructed_img/ResNet_002/pretrain_epoch_pred64.tif is a low contrast image
  torch.sigmoid(outputs[0]).cpu().detach().numpy())
/home/mvries/DeepClusterConv/training_functions.py:580: UserWarning: /data/scratch/DBI/DUDBI/DYNCESYS/mvries/DeepClusterConv/SingleCellERK_128//reconstructed_img/ResNet_002/pretrain_epoch_true64.tif is a low contrast image
  torch.sigmoid(inputs[0]).cpu().detach().numpy())
/home/mvries/DeepClusterConv/training_functions.py:578: UserWarning: /data/scratch/DBI/DUDBI/DYNCESYS/mvries/DeepClusterConv/SingleCellERK_128//reconstructed_img/ResNet_002/pretrain_epoch_pred65.tif is a low contrast image
  torch.sigmoid(outputs[0]).cpu().detach().numpy())
/home/mvries/DeepClusterConv/training_functions.py:580: UserWarning: /data/scratch/DBI/DUDBI/DYNCESYS/mvries/DeepClusterConv/SingleCellERK_128//reconstructed_img/ResNet_002/pretrain_epoch_true65.tif is a low contrast image
  torch.sigmoid(inputs[0]).cpu().detach().numpy())
/home/mvries/DeepClusterConv/training_functions.py:578: UserWarning: /data/scratch/DBI/DUDBI/DYNCESYS/mvries/DeepClusterConv/SingleCellERK_128//reconstructed_img/ResNet_002/pretrain_epoch_pred66.tif is a low contrast image
  torch.sigmoid(outputs[0]).cpu().detach().numpy())
/home/mvries/DeepClusterConv/training_functions.py:580: UserWarning: /data/scratch/DBI/DUDBI/DYNCESYS/mvries/DeepClusterConv/SingleCellERK_128//reconstructed_img/ResNet_002/pretrain_epoch_true66.tif is a low contrast image
  torch.sigmoid(inputs[0]).cpu().detach().numpy())
/home/mvries/DeepClusterConv/training_functions.py:578: UserWarning: /data/scratch/DBI/DUDBI/DYNCESYS/mvries/DeepClusterConv/SingleCellERK_128//reconstructed_img/ResNet_002/pretrain_epoch_pred67.tif is a low contrast image
  torch.sigmoid(outputs[0]).cpu().detach().numpy())
/home/mvries/DeepClusterConv/training_functions.py:580: UserWarning: /data/scratch/DBI/DUDBI/DYNCESYS/mvries/DeepClusterConv/SingleCellERK_128//reconstructed_img/ResNet_002/pretrain_epoch_true67.tif is a low contrast image
  torch.sigmoid(inputs[0]).cpu().detach().numpy())
/home/mvries/DeepClusterConv/training_functions.py:578: UserWarning: /data/scratch/DBI/DUDBI/DYNCESYS/mvries/DeepClusterConv/SingleCellERK_128//reconstructed_img/ResNet_002/pretrain_epoch_pred68.tif is a low contrast image
  torch.sigmoid(outputs[0]).cpu().detach().numpy())
/home/mvries/DeepClusterConv/training_functions.py:580: UserWarning: /data/scratch/DBI/DUDBI/DYNCESYS/mvries/DeepClusterConv/SingleCellERK_128//reconstructed_img/ResNet_002/pretrain_epoch_true68.tif is a low contrast image
  torch.sigmoid(inputs[0]).cpu().detach().numpy())
/home/mvries/DeepClusterConv/training_functions.py:578: UserWarning: /data/scratch/DBI/DUDBI/DYNCESYS/mvries/DeepClusterConv/SingleCellERK_128//reconstructed_img/ResNet_002/pretrain_epoch_pred69.tif is a low contrast image
  torch.sigmoid(outputs[0]).cpu().detach().numpy())
/home/mvries/DeepClusterConv/training_functions.py:580: UserWarning: /data/scratch/DBI/DUDBI/DYNCESYS/mvries/DeepClusterConv/SingleCellERK_128//reconstructed_img/ResNet_002/pretrain_epoch_true69.tif is a low contrast image
  torch.sigmoid(inputs[0]).cpu().detach().numpy())
/home/mvries/DeepClusterConv/training_functions.py:578: UserWarning: /data/scratch/DBI/DUDBI/DYNCESYS/mvries/DeepClusterConv/SingleCellERK_128//reconstructed_img/ResNet_002/pretrain_epoch_pred70.tif is a low contrast image
  torch.sigmoid(outputs[0]).cpu().detach().numpy())
/home/mvries/DeepClusterConv/training_functions.py:580: UserWarning: /data/scratch/DBI/DUDBI/DYNCESYS/mvries/DeepClusterConv/SingleCellERK_128//reconstructed_img/ResNet_002/pretrain_epoch_true70.tif is a low contrast image
  torch.sigmoid(inputs[0]).cpu().detach().numpy())
/home/mvries/DeepClusterConv/training_functions.py:578: UserWarning: /data/scratch/DBI/DUDBI/DYNCESYS/mvries/DeepClusterConv/SingleCellERK_128//reconstructed_img/ResNet_002/pretrain_epoch_pred71.tif is a low contrast image
  torch.sigmoid(outputs[0]).cpu().detach().numpy())
/home/mvries/DeepClusterConv/training_functions.py:580: UserWarning: /data/scratch/DBI/DUDBI/DYNCESYS/mvries/DeepClusterConv/SingleCellERK_128//reconstructed_img/ResNet_002/pretrain_epoch_true71.tif is a low contrast image
  torch.sigmoid(inputs[0]).cpu().detach().numpy())
/home/mvries/DeepClusterConv/training_functions.py:578: UserWarning: /data/scratch/DBI/DUDBI/DYNCESYS/mvries/DeepClusterConv/SingleCellERK_128//reconstructed_img/ResNet_002/pretrain_epoch_pred72.tif is a low contrast image
  torch.sigmoid(outputs[0]).cpu().detach().numpy())
/home/mvries/DeepClusterConv/training_functions.py:580: UserWarning: /data/scratch/DBI/DUDBI/DYNCESYS/mvries/DeepClusterConv/SingleCellERK_128//reconstructed_img/ResNet_002/pretrain_epoch_true72.tif is a low contrast image
  torch.sigmoid(inputs[0]).cpu().detach().numpy())
/home/mvries/DeepClusterConv/training_functions.py:578: UserWarning: /data/scratch/DBI/DUDBI/DYNCESYS/mvries/DeepClusterConv/SingleCellERK_128//reconstructed_img/ResNet_002/pretrain_epoch_pred73.tif is a low contrast image
  torch.sigmoid(outputs[0]).cpu().detach().numpy())
/home/mvries/DeepClusterConv/training_functions.py:580: UserWarning: /data/scratch/DBI/DUDBI/DYNCESYS/mvries/DeepClusterConv/SingleCellERK_128//reconstructed_img/ResNet_002/pretrain_epoch_true73.tif is a low contrast image
  torch.sigmoid(inputs[0]).cpu().detach().numpy())
/home/mvries/DeepClusterConv/training_functions.py:578: UserWarning: /data/scratch/DBI/DUDBI/DYNCESYS/mvries/DeepClusterConv/SingleCellERK_128//reconstructed_img/ResNet_002/pretrain_epoch_pred74.tif is a low contrast image
  torch.sigmoid(outputs[0]).cpu().detach().numpy())
/home/mvries/DeepClusterConv/training_functions.py:580: UserWarning: /data/scratch/DBI/DUDBI/DYNCESYS/mvries/DeepClusterConv/SingleCellERK_128//reconstructed_img/ResNet_002/pretrain_epoch_true74.tif is a low contrast image
  torch.sigmoid(inputs[0]).cpu().detach().numpy())
/home/mvries/DeepClusterConv/training_functions.py:578: UserWarning: /data/scratch/DBI/DUDBI/DYNCESYS/mvries/DeepClusterConv/SingleCellERK_128//reconstructed_img/ResNet_002/pretrain_epoch_pred75.tif is a low contrast image
  torch.sigmoid(outputs[0]).cpu().detach().numpy())
/home/mvries/DeepClusterConv/training_functions.py:580: UserWarning: /data/scratch/DBI/DUDBI/DYNCESYS/mvries/DeepClusterConv/SingleCellERK_128//reconstructed_img/ResNet_002/pretrain_epoch_true75.tif is a low contrast image
  torch.sigmoid(inputs[0]).cpu().detach().numpy())
/home/mvries/DeepClusterConv/training_functions.py:578: UserWarning: /data/scratch/DBI/DUDBI/DYNCESYS/mvries/DeepClusterConv/SingleCellERK_128//reconstructed_img/ResNet_002/pretrain_epoch_pred76.tif is a low contrast image
  torch.sigmoid(outputs[0]).cpu().detach().numpy())
/home/mvries/DeepClusterConv/training_functions.py:580: UserWarning: /data/scratch/DBI/DUDBI/DYNCESYS/mvries/DeepClusterConv/SingleCellERK_128//reconstructed_img/ResNet_002/pretrain_epoch_true76.tif is a low contrast image
  torch.sigmoid(inputs[0]).cpu().detach().numpy())
/home/mvries/DeepClusterConv/training_functions.py:578: UserWarning: /data/scratch/DBI/DUDBI/DYNCESYS/mvries/DeepClusterConv/SingleCellERK_128//reconstructed_img/ResNet_002/pretrain_epoch_pred77.tif is a low contrast image
  torch.sigmoid(outputs[0]).cpu().detach().numpy())
/home/mvries/DeepClusterConv/training_functions.py:580: UserWarning: /data/scratch/DBI/DUDBI/DYNCESYS/mvries/DeepClusterConv/SingleCellERK_128//reconstructed_img/ResNet_002/pretrain_epoch_true77.tif is a low contrast image
  torch.sigmoid(inputs[0]).cpu().detach().numpy())
/home/mvries/DeepClusterConv/training_functions.py:578: UserWarning: /data/scratch/DBI/DUDBI/DYNCESYS/mvries/DeepClusterConv/SingleCellERK_128//reconstructed_img/ResNet_002/pretrain_epoch_pred78.tif is a low contrast image
  torch.sigmoid(outputs[0]).cpu().detach().numpy())
/home/mvries/DeepClusterConv/training_functions.py:580: UserWarning: /data/scratch/DBI/DUDBI/DYNCESYS/mvries/DeepClusterConv/SingleCellERK_128//reconstructed_img/ResNet_002/pretrain_epoch_true78.tif is a low contrast image
  torch.sigmoid(inputs[0]).cpu().detach().numpy())
/home/mvries/DeepClusterConv/training_functions.py:578: UserWarning: /data/scratch/DBI/DUDBI/DYNCESYS/mvries/DeepClusterConv/SingleCellERK_128//reconstructed_img/ResNet_002/pretrain_epoch_pred80.tif is a low contrast image
  torch.sigmoid(outputs[0]).cpu().detach().numpy())
/home/mvries/DeepClusterConv/training_functions.py:580: UserWarning: /data/scratch/DBI/DUDBI/DYNCESYS/mvries/DeepClusterConv/SingleCellERK_128//reconstructed_img/ResNet_002/pretrain_epoch_true80.tif is a low contrast image
  torch.sigmoid(inputs[0]).cpu().detach().numpy())
/home/mvries/DeepClusterConv/training_functions.py:578: UserWarning: /data/scratch/DBI/DUDBI/DYNCESYS/mvries/DeepClusterConv/SingleCellERK_128//reconstructed_img/ResNet_002/pretrain_epoch_pred81.tif is a low contrast image
  torch.sigmoid(outputs[0]).cpu().detach().numpy())
/home/mvries/DeepClusterConv/training_functions.py:580: UserWarning: /data/scratch/DBI/DUDBI/DYNCESYS/mvries/DeepClusterConv/SingleCellERK_128//reconstructed_img/ResNet_002/pretrain_epoch_true81.tif is a low contrast image
  torch.sigmoid(inputs[0]).cpu().detach().numpy())
/home/mvries/DeepClusterConv/training_functions.py:578: UserWarning: /data/scratch/DBI/DUDBI/DYNCESYS/mvries/DeepClusterConv/SingleCellERK_128//reconstructed_img/ResNet_002/pretrain_epoch_pred82.tif is a low contrast image
  torch.sigmoid(outputs[0]).cpu().detach().numpy())
/home/mvries/DeepClusterConv/training_functions.py:580: UserWarning: /data/scratch/DBI/DUDBI/DYNCESYS/mvries/DeepClusterConv/SingleCellERK_128//reconstructed_img/ResNet_002/pretrain_epoch_true82.tif is a low contrast image
  torch.sigmoid(inputs[0]).cpu().detach().numpy())
/home/mvries/DeepClusterConv/training_functions.py:578: UserWarning: /data/scratch/DBI/DUDBI/DYNCESYS/mvries/DeepClusterConv/SingleCellERK_128//reconstructed_img/ResNet_002/pretrain_epoch_pred83.tif is a low contrast image
  torch.sigmoid(outputs[0]).cpu().detach().numpy())
/home/mvries/DeepClusterConv/training_functions.py:580: UserWarning: /data/scratch/DBI/DUDBI/DYNCESYS/mvries/DeepClusterConv/SingleCellERK_128//reconstructed_img/ResNet_002/pretrain_epoch_true83.tif is a low contrast image
  torch.sigmoid(inputs[0]).cpu().detach().numpy())
/home/mvries/DeepClusterConv/training_functions.py:578: UserWarning: /data/scratch/DBI/DUDBI/DYNCESYS/mvries/DeepClusterConv/SingleCellERK_128//reconstructed_img/ResNet_002/pretrain_epoch_pred84.tif is a low contrast image
  torch.sigmoid(outputs[0]).cpu().detach().numpy())
/home/mvries/DeepClusterConv/training_functions.py:580: UserWarning: /data/scratch/DBI/DUDBI/DYNCESYS/mvries/DeepClusterConv/SingleCellERK_128//reconstructed_img/ResNet_002/pretrain_epoch_true84.tif is a low contrast image
  torch.sigmoid(inputs[0]).cpu().detach().numpy())
/home/mvries/DeepClusterConv/training_functions.py:578: UserWarning: /data/scratch/DBI/DUDBI/DYNCESYS/mvries/DeepClusterConv/SingleCellERK_128//reconstructed_img/ResNet_002/pretrain_epoch_pred85.tif is a low contrast image
  torch.sigmoid(outputs[0]).cpu().detach().numpy())
/home/mvries/DeepClusterConv/training_functions.py:580: UserWarning: /data/scratch/DBI/DUDBI/DYNCESYS/mvries/DeepClusterConv/SingleCellERK_128//reconstructed_img/ResNet_002/pretrain_epoch_true85.tif is a low contrast image
  torch.sigmoid(inputs[0]).cpu().detach().numpy())
/home/mvries/DeepClusterConv/training_functions.py:578: UserWarning: /data/scratch/DBI/DUDBI/DYNCESYS/mvries/DeepClusterConv/SingleCellERK_128//reconstructed_img/ResNet_002/pretrain_epoch_pred86.tif is a low contrast image
  torch.sigmoid(outputs[0]).cpu().detach().numpy())
/home/mvries/DeepClusterConv/training_functions.py:580: UserWarning: /data/scratch/DBI/DUDBI/DYNCESYS/mvries/DeepClusterConv/SingleCellERK_128//reconstructed_img/ResNet_002/pretrain_epoch_true86.tif is a low contrast image
  torch.sigmoid(inputs[0]).cpu().detach().numpy())
/home/mvries/DeepClusterConv/training_functions.py:578: UserWarning: /data/scratch/DBI/DUDBI/DYNCESYS/mvries/DeepClusterConv/SingleCellERK_128//reconstructed_img/ResNet_002/pretrain_epoch_pred87.tif is a low contrast image
  torch.sigmoid(outputs[0]).cpu().detach().numpy())
/home/mvries/DeepClusterConv/training_functions.py:580: UserWarning: /data/scratch/DBI/DUDBI/DYNCESYS/mvries/DeepClusterConv/SingleCellERK_128//reconstructed_img/ResNet_002/pretrain_epoch_true87.tif is a low contrast image
  torch.sigmoid(inputs[0]).cpu().detach().numpy())
/home/mvries/DeepClusterConv/training_functions.py:578: UserWarning: /data/scratch/DBI/DUDBI/DYNCESYS/mvries/DeepClusterConv/SingleCellERK_128//reconstructed_img/ResNet_002/pretrain_epoch_pred88.tif is a low contrast image
  torch.sigmoid(outputs[0]).cpu().detach().numpy())
/home/mvries/DeepClusterConv/training_functions.py:580: UserWarning: /data/scratch/DBI/DUDBI/DYNCESYS/mvries/DeepClusterConv/SingleCellERK_128//reconstructed_img/ResNet_002/pretrain_epoch_true88.tif is a low contrast image
  torch.sigmoid(inputs[0]).cpu().detach().numpy())
/home/mvries/DeepClusterConv/training_functions.py:578: UserWarning: /data/scratch/DBI/DUDBI/DYNCESYS/mvries/DeepClusterConv/SingleCellERK_128//reconstructed_img/ResNet_002/pretrain_epoch_pred89.tif is a low contrast image
  torch.sigmoid(outputs[0]).cpu().detach().numpy())
/home/mvries/DeepClusterConv/training_functions.py:580: UserWarning: /data/scratch/DBI/DUDBI/DYNCESYS/mvries/DeepClusterConv/SingleCellERK_128//reconstructed_img/ResNet_002/pretrain_epoch_true89.tif is a low contrast image
  torch.sigmoid(inputs[0]).cpu().detach().numpy())
/home/mvries/DeepClusterConv/training_functions.py:578: UserWarning: /data/scratch/DBI/DUDBI/DYNCESYS/mvries/DeepClusterConv/SingleCellERK_128//reconstructed_img/ResNet_002/pretrain_epoch_pred90.tif is a low contrast image
  torch.sigmoid(outputs[0]).cpu().detach().numpy())
/home/mvries/DeepClusterConv/training_functions.py:580: UserWarning: /data/scratch/DBI/DUDBI/DYNCESYS/mvries/DeepClusterConv/SingleCellERK_128//reconstructed_img/ResNet_002/pretrain_epoch_true90.tif is a low contrast image
  torch.sigmoid(inputs[0]).cpu().detach().numpy())
/home/mvries/DeepClusterConv/training_functions.py:578: UserWarning: /data/scratch/DBI/DUDBI/DYNCESYS/mvries/DeepClusterConv/SingleCellERK_128//reconstructed_img/ResNet_002/pretrain_epoch_pred91.tif is a low contrast image
  torch.sigmoid(outputs[0]).cpu().detach().numpy())
/home/mvries/DeepClusterConv/training_functions.py:580: UserWarning: /data/scratch/DBI/DUDBI/DYNCESYS/mvries/DeepClusterConv/SingleCellERK_128//reconstructed_img/ResNet_002/pretrain_epoch_true91.tif is a low contrast image
  torch.sigmoid(inputs[0]).cpu().detach().numpy())
/home/mvries/DeepClusterConv/training_functions.py:578: UserWarning: /data/scratch/DBI/DUDBI/DYNCESYS/mvries/DeepClusterConv/SingleCellERK_128//reconstructed_img/ResNet_002/pretrain_epoch_pred92.tif is a low contrast image
  torch.sigmoid(outputs[0]).cpu().detach().numpy())
/home/mvries/DeepClusterConv/training_functions.py:580: UserWarning: /data/scratch/DBI/DUDBI/DYNCESYS/mvries/DeepClusterConv/SingleCellERK_128//reconstructed_img/ResNet_002/pretrain_epoch_true92.tif is a low contrast image
  torch.sigmoid(inputs[0]).cpu().detach().numpy())
/home/mvries/DeepClusterConv/training_functions.py:578: UserWarning: /data/scratch/DBI/DUDBI/DYNCESYS/mvries/DeepClusterConv/SingleCellERK_128//reconstructed_img/ResNet_002/pretrain_epoch_pred93.tif is a low contrast image
  torch.sigmoid(outputs[0]).cpu().detach().numpy())
/home/mvries/DeepClusterConv/training_functions.py:580: UserWarning: /data/scratch/DBI/DUDBI/DYNCESYS/mvries/DeepClusterConv/SingleCellERK_128//reconstructed_img/ResNet_002/pretrain_epoch_true93.tif is a low contrast image
  torch.sigmoid(inputs[0]).cpu().detach().numpy())
/home/mvries/DeepClusterConv/training_functions.py:578: UserWarning: /data/scratch/DBI/DUDBI/DYNCESYS/mvries/DeepClusterConv/SingleCellERK_128//reconstructed_img/ResNet_002/pretrain_epoch_pred94.tif is a low contrast image
  torch.sigmoid(outputs[0]).cpu().detach().numpy())
/home/mvries/DeepClusterConv/training_functions.py:580: UserWarning: /data/scratch/DBI/DUDBI/DYNCESYS/mvries/DeepClusterConv/SingleCellERK_128//reconstructed_img/ResNet_002/pretrain_epoch_true94.tif is a low contrast image
  torch.sigmoid(inputs[0]).cpu().detach().numpy())
/home/mvries/DeepClusterConv/training_functions.py:578: UserWarning: /data/scratch/DBI/DUDBI/DYNCESYS/mvries/DeepClusterConv/SingleCellERK_128//reconstructed_img/ResNet_002/pretrain_epoch_pred95.tif is a low contrast image
  torch.sigmoid(outputs[0]).cpu().detach().numpy())
/home/mvries/DeepClusterConv/training_functions.py:580: UserWarning: /data/scratch/DBI/DUDBI/DYNCESYS/mvries/DeepClusterConv/SingleCellERK_128//reconstructed_img/ResNet_002/pretrain_epoch_true95.tif is a low contrast image
  torch.sigmoid(inputs[0]).cpu().detach().numpy())
/home/mvries/DeepClusterConv/training_functions.py:578: UserWarning: /data/scratch/DBI/DUDBI/DYNCESYS/mvries/DeepClusterConv/SingleCellERK_128//reconstructed_img/ResNet_002/pretrain_epoch_pred96.tif is a low contrast image
  torch.sigmoid(outputs[0]).cpu().detach().numpy())
/home/mvries/DeepClusterConv/training_functions.py:580: UserWarning: /data/scratch/DBI/DUDBI/DYNCESYS/mvries/DeepClusterConv/SingleCellERK_128//reconstructed_img/ResNet_002/pretrain_epoch_true96.tif is a low contrast image
  torch.sigmoid(inputs[0]).cpu().detach().numpy())
/home/mvries/DeepClusterConv/training_functions.py:578: UserWarning: /data/scratch/DBI/DUDBI/DYNCESYS/mvries/DeepClusterConv/SingleCellERK_128//reconstructed_img/ResNet_002/pretrain_epoch_pred97.tif is a low contrast image
  torch.sigmoid(outputs[0]).cpu().detach().numpy())
/home/mvries/DeepClusterConv/training_functions.py:580: UserWarning: /data/scratch/DBI/DUDBI/DYNCESYS/mvries/DeepClusterConv/SingleCellERK_128//reconstructed_img/ResNet_002/pretrain_epoch_true97.tif is a low contrast image
  torch.sigmoid(inputs[0]).cpu().detach().numpy())
/home/mvries/DeepClusterConv/training_functions.py:578: UserWarning: /data/scratch/DBI/DUDBI/DYNCESYS/mvries/DeepClusterConv/SingleCellERK_128//reconstructed_img/ResNet_002/pretrain_epoch_pred98.tif is a low contrast image
  torch.sigmoid(outputs[0]).cpu().detach().numpy())
/home/mvries/DeepClusterConv/training_functions.py:580: UserWarning: /data/scratch/DBI/DUDBI/DYNCESYS/mvries/DeepClusterConv/SingleCellERK_128//reconstructed_img/ResNet_002/pretrain_epoch_true98.tif is a low contrast image
  torch.sigmoid(inputs[0]).cpu().detach().numpy())
/home/mvries/DeepClusterConv/training_functions.py:578: UserWarning: /data/scratch/DBI/DUDBI/DYNCESYS/mvries/DeepClusterConv/SingleCellERK_128//reconstructed_img/ResNet_002/pretrain_epoch_pred99.tif is a low contrast image
  torch.sigmoid(outputs[0]).cpu().detach().numpy())
/home/mvries/DeepClusterConv/training_functions.py:580: UserWarning: /data/scratch/DBI/DUDBI/DYNCESYS/mvries/DeepClusterConv/SingleCellERK_128//reconstructed_img/ResNet_002/pretrain_epoch_true99.tif is a low contrast image
  torch.sigmoid(inputs[0]).cpu().detach().numpy())
/home/mvries/DeepClusterConv/training_functions.py:578: UserWarning: /data/scratch/DBI/DUDBI/DYNCESYS/mvries/DeepClusterConv/SingleCellERK_128//reconstructed_img/ResNet_002/pretrain_epoch_pred100.tif is a low contrast image
  torch.sigmoid(outputs[0]).cpu().detach().numpy())
/home/mvries/DeepClusterConv/training_functions.py:580: UserWarning: /data/scratch/DBI/DUDBI/DYNCESYS/mvries/DeepClusterConv/SingleCellERK_128//reconstructed_img/ResNet_002/pretrain_epoch_true100.tif is a low contrast image
  torch.sigmoid(inputs[0]).cpu().detach().numpy())
/home/mvries/DeepClusterConv/training_functions.py:578: UserWarning: /data/scratch/DBI/DUDBI/DYNCESYS/mvries/DeepClusterConv/SingleCellERK_128//reconstructed_img/ResNet_002/pretrain_epoch_pred101.tif is a low contrast image
  torch.sigmoid(outputs[0]).cpu().detach().numpy())
/home/mvries/DeepClusterConv/training_functions.py:580: UserWarning: /data/scratch/DBI/DUDBI/DYNCESYS/mvries/DeepClusterConv/SingleCellERK_128//reconstructed_img/ResNet_002/pretrain_epoch_true101.tif is a low contrast image
  torch.sigmoid(inputs[0]).cpu().detach().numpy())
/home/mvries/DeepClusterConv/training_functions.py:578: UserWarning: /data/scratch/DBI/DUDBI/DYNCESYS/mvries/DeepClusterConv/SingleCellERK_128//reconstructed_img/ResNet_002/pretrain_epoch_pred102.tif is a low contrast image
  torch.sigmoid(outputs[0]).cpu().detach().numpy())
/home/mvries/DeepClusterConv/training_functions.py:580: UserWarning: /data/scratch/DBI/DUDBI/DYNCESYS/mvries/DeepClusterConv/SingleCellERK_128//reconstructed_img/ResNet_002/pretrain_epoch_true102.tif is a low contrast image
  torch.sigmoid(inputs[0]).cpu().detach().numpy())
/home/mvries/DeepClusterConv/training_functions.py:578: UserWarning: /data/scratch/DBI/DUDBI/DYNCESYS/mvries/DeepClusterConv/SingleCellERK_128//reconstructed_img/ResNet_002/pretrain_epoch_pred103.tif is a low contrast image
  torch.sigmoid(outputs[0]).cpu().detach().numpy())
/home/mvries/DeepClusterConv/training_functions.py:580: UserWarning: /data/scratch/DBI/DUDBI/DYNCESYS/mvries/DeepClusterConv/SingleCellERK_128//reconstructed_img/ResNet_002/pretrain_epoch_true103.tif is a low contrast image
  torch.sigmoid(inputs[0]).cpu().detach().numpy())
/home/mvries/DeepClusterConv/training_functions.py:578: UserWarning: /data/scratch/DBI/DUDBI/DYNCESYS/mvries/DeepClusterConv/SingleCellERK_128//reconstructed_img/ResNet_002/pretrain_epoch_pred104.tif is a low contrast image
  torch.sigmoid(outputs[0]).cpu().detach().numpy())
/home/mvries/DeepClusterConv/training_functions.py:580: UserWarning: /data/scratch/DBI/DUDBI/DYNCESYS/mvries/DeepClusterConv/SingleCellERK_128//reconstructed_img/ResNet_002/pretrain_epoch_true104.tif is a low contrast image
  torch.sigmoid(inputs[0]).cpu().detach().numpy())
/home/mvries/DeepClusterConv/training_functions.py:578: UserWarning: /data/scratch/DBI/DUDBI/DYNCESYS/mvries/DeepClusterConv/SingleCellERK_128//reconstructed_img/ResNet_002/pretrain_epoch_pred105.tif is a low contrast image
  torch.sigmoid(outputs[0]).cpu().detach().numpy())
/home/mvries/DeepClusterConv/training_functions.py:580: UserWarning: /data/scratch/DBI/DUDBI/DYNCESYS/mvries/DeepClusterConv/SingleCellERK_128//reconstructed_img/ResNet_002/pretrain_epoch_true105.tif is a low contrast image
  torch.sigmoid(inputs[0]).cpu().detach().numpy())
/home/mvries/DeepClusterConv/training_functions.py:580: UserWarning: /data/scratch/DBI/DUDBI/DYNCESYS/mvries/DeepClusterConv/SingleCellERK_128//reconstructed_img/ResNet_002/pretrain_epoch_true106.tif is a low contrast image
  torch.sigmoid(inputs[0]).cpu().detach().numpy())
/home/mvries/DeepClusterConv/training_functions.py:578: UserWarning: /data/scratch/DBI/DUDBI/DYNCESYS/mvries/DeepClusterConv/SingleCellERK_128//reconstructed_img/ResNet_002/pretrain_epoch_pred107.tif is a low contrast image
  torch.sigmoid(outputs[0]).cpu().detach().numpy())
/home/mvries/DeepClusterConv/training_functions.py:580: UserWarning: /data/scratch/DBI/DUDBI/DYNCESYS/mvries/DeepClusterConv/SingleCellERK_128//reconstructed_img/ResNet_002/pretrain_epoch_true107.tif is a low contrast image
  torch.sigmoid(inputs[0]).cpu().detach().numpy())
/home/mvries/DeepClusterConv/training_functions.py:580: UserWarning: /data/scratch/DBI/DUDBI/DYNCESYS/mvries/DeepClusterConv/SingleCellERK_128//reconstructed_img/ResNet_002/pretrain_epoch_true108.tif is a low contrast image
  torch.sigmoid(inputs[0]).cpu().detach().numpy())
/home/mvries/DeepClusterConv/training_functions.py:580: UserWarning: /data/scratch/DBI/DUDBI/DYNCESYS/mvries/DeepClusterConv/SingleCellERK_128//reconstructed_img/ResNet_002/pretrain_epoch_true109.tif is a low contrast image
  torch.sigmoid(inputs[0]).cpu().detach().numpy())
/home/mvries/DeepClusterConv/training_functions.py:578: UserWarning: /data/scratch/DBI/DUDBI/DYNCESYS/mvries/DeepClusterConv/SingleCellERK_128//reconstructed_img/ResNet_002/pretrain_epoch_pred110.tif is a low contrast image
  torch.sigmoid(outputs[0]).cpu().detach().numpy())
/home/mvries/DeepClusterConv/training_functions.py:580: UserWarning: /data/scratch/DBI/DUDBI/DYNCESYS/mvries/DeepClusterConv/SingleCellERK_128//reconstructed_img/ResNet_002/pretrain_epoch_true110.tif is a low contrast image
  torch.sigmoid(inputs[0]).cpu().detach().numpy())
/home/mvries/DeepClusterConv/training_functions.py:578: UserWarning: /data/scratch/DBI/DUDBI/DYNCESYS/mvries/DeepClusterConv/SingleCellERK_128//reconstructed_img/ResNet_002/pretrain_epoch_pred111.tif is a low contrast image
  torch.sigmoid(outputs[0]).cpu().detach().numpy())
/home/mvries/DeepClusterConv/training_functions.py:580: UserWarning: /data/scratch/DBI/DUDBI/DYNCESYS/mvries/DeepClusterConv/SingleCellERK_128//reconstructed_img/ResNet_002/pretrain_epoch_true111.tif is a low contrast image
  torch.sigmoid(inputs[0]).cpu().detach().numpy())
/home/mvries/DeepClusterConv/training_functions.py:578: UserWarning: /data/scratch/DBI/DUDBI/DYNCESYS/mvries/DeepClusterConv/SingleCellERK_128//reconstructed_img/ResNet_002/pretrain_epoch_pred112.tif is a low contrast image
  torch.sigmoid(outputs[0]).cpu().detach().numpy())
/home/mvries/DeepClusterConv/training_functions.py:580: UserWarning: /data/scratch/DBI/DUDBI/DYNCESYS/mvries/DeepClusterConv/SingleCellERK_128//reconstructed_img/ResNet_002/pretrain_epoch_true112.tif is a low contrast image
  torch.sigmoid(inputs[0]).cpu().detach().numpy())
/home/mvries/DeepClusterConv/training_functions.py:578: UserWarning: /data/scratch/DBI/DUDBI/DYNCESYS/mvries/DeepClusterConv/SingleCellERK_128//reconstructed_img/ResNet_002/pretrain_epoch_pred113.tif is a low contrast image
  torch.sigmoid(outputs[0]).cpu().detach().numpy())
/home/mvries/DeepClusterConv/training_functions.py:580: UserWarning: /data/scratch/DBI/DUDBI/DYNCESYS/mvries/DeepClusterConv/SingleCellERK_128//reconstructed_img/ResNet_002/pretrain_epoch_true113.tif is a low contrast image
  torch.sigmoid(inputs[0]).cpu().detach().numpy())
/home/mvries/DeepClusterConv/training_functions.py:578: UserWarning: /data/scratch/DBI/DUDBI/DYNCESYS/mvries/DeepClusterConv/SingleCellERK_128//reconstructed_img/ResNet_002/pretrain_epoch_pred114.tif is a low contrast image
  torch.sigmoid(outputs[0]).cpu().detach().numpy())
/home/mvries/DeepClusterConv/training_functions.py:580: UserWarning: /data/scratch/DBI/DUDBI/DYNCESYS/mvries/DeepClusterConv/SingleCellERK_128//reconstructed_img/ResNet_002/pretrain_epoch_true114.tif is a low contrast image
  torch.sigmoid(inputs[0]).cpu().detach().numpy())
/home/mvries/DeepClusterConv/training_functions.py:578: UserWarning: /data/scratch/DBI/DUDBI/DYNCESYS/mvries/DeepClusterConv/SingleCellERK_128//reconstructed_img/ResNet_002/pretrain_epoch_pred115.tif is a low contrast image
  torch.sigmoid(outputs[0]).cpu().detach().numpy())
/home/mvries/DeepClusterConv/training_functions.py:580: UserWarning: /data/scratch/DBI/DUDBI/DYNCESYS/mvries/DeepClusterConv/SingleCellERK_128//reconstructed_img/ResNet_002/pretrain_epoch_true115.tif is a low contrast image
  torch.sigmoid(inputs[0]).cpu().detach().numpy())
/home/mvries/DeepClusterConv/training_functions.py:578: UserWarning: /data/scratch/DBI/DUDBI/DYNCESYS/mvries/DeepClusterConv/SingleCellERK_128//reconstructed_img/ResNet_002/pretrain_epoch_pred116.tif is a low contrast image
  torch.sigmoid(outputs[0]).cpu().detach().numpy())
/home/mvries/DeepClusterConv/training_functions.py:580: UserWarning: /data/scratch/DBI/DUDBI/DYNCESYS/mvries/DeepClusterConv/SingleCellERK_128//reconstructed_img/ResNet_002/pretrain_epoch_true116.tif is a low contrast image
  torch.sigmoid(inputs[0]).cpu().detach().numpy())
/home/mvries/DeepClusterConv/training_functions.py:578: UserWarning: /data/scratch/DBI/DUDBI/DYNCESYS/mvries/DeepClusterConv/SingleCellERK_128//reconstructed_img/ResNet_002/pretrain_epoch_pred117.tif is a low contrast image
  torch.sigmoid(outputs[0]).cpu().detach().numpy())
/home/mvries/DeepClusterConv/training_functions.py:580: UserWarning: /data/scratch/DBI/DUDBI/DYNCESYS/mvries/DeepClusterConv/SingleCellERK_128//reconstructed_img/ResNet_002/pretrain_epoch_true117.tif is a low contrast image
  torch.sigmoid(inputs[0]).cpu().detach().numpy())
/home/mvries/DeepClusterConv/training_functions.py:578: UserWarning: /data/scratch/DBI/DUDBI/DYNCESYS/mvries/DeepClusterConv/SingleCellERK_128//reconstructed_img/ResNet_002/pretrain_epoch_pred118.tif is a low contrast image
  torch.sigmoid(outputs[0]).cpu().detach().numpy())
/home/mvries/DeepClusterConv/training_functions.py:580: UserWarning: /data/scratch/DBI/DUDBI/DYNCESYS/mvries/DeepClusterConv/SingleCellERK_128//reconstructed_img/ResNet_002/pretrain_epoch_true118.tif is a low contrast image
  torch.sigmoid(inputs[0]).cpu().detach().numpy())
/home/mvries/DeepClusterConv/training_functions.py:578: UserWarning: /data/scratch/DBI/DUDBI/DYNCESYS/mvries/DeepClusterConv/SingleCellERK_128//reconstructed_img/ResNet_002/pretrain_epoch_pred119.tif is a low contrast image
  torch.sigmoid(outputs[0]).cpu().detach().numpy())
/home/mvries/DeepClusterConv/training_functions.py:580: UserWarning: /data/scratch/DBI/DUDBI/DYNCESYS/mvries/DeepClusterConv/SingleCellERK_128//reconstructed_img/ResNet_002/pretrain_epoch_true119.tif is a low contrast image
  torch.sigmoid(inputs[0]).cpu().detach().numpy())
/home/mvries/DeepClusterConv/training_functions.py:578: UserWarning: /data/scratch/DBI/DUDBI/DYNCESYS/mvries/DeepClusterConv/SingleCellERK_128//reconstructed_img/ResNet_002/pretrain_epoch_pred120.tif is a low contrast image
  torch.sigmoid(outputs[0]).cpu().detach().numpy())
/home/mvries/DeepClusterConv/training_functions.py:580: UserWarning: /data/scratch/DBI/DUDBI/DYNCESYS/mvries/DeepClusterConv/SingleCellERK_128//reconstructed_img/ResNet_002/pretrain_epoch_true120.tif is a low contrast image
  torch.sigmoid(inputs[0]).cpu().detach().numpy())
/home/mvries/DeepClusterConv/training_functions.py:578: UserWarning: /data/scratch/DBI/DUDBI/DYNCESYS/mvries/DeepClusterConv/SingleCellERK_128//reconstructed_img/ResNet_002/pretrain_epoch_pred121.tif is a low contrast image
  torch.sigmoid(outputs[0]).cpu().detach().numpy())
/home/mvries/DeepClusterConv/training_functions.py:580: UserWarning: /data/scratch/DBI/DUDBI/DYNCESYS/mvries/DeepClusterConv/SingleCellERK_128//reconstructed_img/ResNet_002/pretrain_epoch_true121.tif is a low contrast image
  torch.sigmoid(inputs[0]).cpu().detach().numpy())
/home/mvries/DeepClusterConv/training_functions.py:578: UserWarning: /data/scratch/DBI/DUDBI/DYNCESYS/mvries/DeepClusterConv/SingleCellERK_128//reconstructed_img/ResNet_002/pretrain_epoch_pred122.tif is a low contrast image
  torch.sigmoid(outputs[0]).cpu().detach().numpy())
/home/mvries/DeepClusterConv/training_functions.py:580: UserWarning: /data/scratch/DBI/DUDBI/DYNCESYS/mvries/DeepClusterConv/SingleCellERK_128//reconstructed_img/ResNet_002/pretrain_epoch_true122.tif is a low contrast image
  torch.sigmoid(inputs[0]).cpu().detach().numpy())
/home/mvries/DeepClusterConv/training_functions.py:578: UserWarning: /data/scratch/DBI/DUDBI/DYNCESYS/mvries/DeepClusterConv/SingleCellERK_128//reconstructed_img/ResNet_002/pretrain_epoch_pred123.tif is a low contrast image
  torch.sigmoid(outputs[0]).cpu().detach().numpy())
/home/mvries/DeepClusterConv/training_functions.py:580: UserWarning: /data/scratch/DBI/DUDBI/DYNCESYS/mvries/DeepClusterConv/SingleCellERK_128//reconstructed_img/ResNet_002/pretrain_epoch_true123.tif is a low contrast image
  torch.sigmoid(inputs[0]).cpu().detach().numpy())
/home/mvries/DeepClusterConv/training_functions.py:578: UserWarning: /data/scratch/DBI/DUDBI/DYNCESYS/mvries/DeepClusterConv/SingleCellERK_128//reconstructed_img/ResNet_002/pretrain_epoch_pred124.tif is a low contrast image
  torch.sigmoid(outputs[0]).cpu().detach().numpy())
/home/mvries/DeepClusterConv/training_functions.py:580: UserWarning: /data/scratch/DBI/DUDBI/DYNCESYS/mvries/DeepClusterConv/SingleCellERK_128//reconstructed_img/ResNet_002/pretrain_epoch_true124.tif is a low contrast image
  torch.sigmoid(inputs[0]).cpu().detach().numpy())
slurmstepd: error: *** JOB 1587084 ON gpu01 CANCELLED AT 2021-05-28T16:45:58 DUE TO TIME LIMIT ***
