/home/mvries/.conda/envs/dcfn/lib/python3.7/site-packages/torch/nn/_reduction.py:44: UserWarning: size_average and reduce args will be deprecated, please use reduction='sum' instead.
  warnings.warn(warning.format(ret))
Traceback (most recent call last):
  File "main.py", line 106, in <module>
    resnet_layers = eval(args.resnet_layers)
TypeError: eval() arg 1 must be a string, bytes or code object
/home/mvries/.conda/envs/dcfn/lib/python3.7/site-packages/torch/nn/_reduction.py:44: UserWarning: size_average and reduce args will be deprecated, please use reduction='sum' instead.
  warnings.warn(warning.format(ret))
Traceback (most recent call last):
  File "main.py", line 106, in <module>
    resnet_layers = eval(args.resnet_layers)
TypeError: eval() arg 1 must be a string, bytes or code object
/home/mvries/.conda/envs/dcfn/lib/python3.7/site-packages/torch/nn/_reduction.py:44: UserWarning: size_average and reduce args will be deprecated, please use reduction='sum' instead.
  warnings.warn(warning.format(ret))
Traceback (most recent call last):
  File "main.py", line 106, in <module>
    resnet_layers = eval(args.resnet_layers)
TypeError: eval() arg 1 must be a string, bytes or code object
/home/mvries/.conda/envs/dcfn/lib/python3.7/site-packages/torch/nn/_reduction.py:44: UserWarning: size_average and reduce args will be deprecated, please use reduction='sum' instead.
  warnings.warn(warning.format(ret))
Traceback (most recent call last):
  File "main.py", line 106, in <module>
    resnet_layers = eval(args.resnet_layers)
TypeError: eval() arg 1 must be a string, bytes or code object
/home/mvries/.conda/envs/dcfn/lib/python3.7/site-packages/torch/nn/_reduction.py:44: UserWarning: size_average and reduce args will be deprecated, please use reduction='sum' instead.
  warnings.warn(warning.format(ret))
Traceback (most recent call last):
  File "main.py", line 106, in <module>
    resnet_layers = eval(args.resnet_layers)
TypeError: eval() arg 1 must be a string, bytes or code object
/home/mvries/.conda/envs/dcfn/lib/python3.7/site-packages/torch/nn/_reduction.py:44: UserWarning: size_average and reduce args will be deprecated, please use reduction='sum' instead.
  warnings.warn(warning.format(ret))
Traceback (most recent call last):
  File "main.py", line 106, in <module>
    resnet_layers = eval(args.resnet_layers)
TypeError: eval() arg 1 must be a string, bytes or code object
